2024-11-10 21:09:32,532 [INFO] Activator:177 - 


2024-11-10 21:09:32,534 [INFO] Activator:178 - !SESSION log4j initialized
2024-11-10 21:10:02,660 [INFO] Activator:177 - 


2024-11-10 21:10:02,661 [INFO] Activator:178 - !SESSION log4j initialized
2024-11-10 21:10:08,385 [INFO] McuFinderGlobals:39 - Set McuFinder mode to 2 (CubeIDE integrated)
2024-11-10 21:10:10,311 [INFO] ApplicationProperties:181 - Using Application install path: C:\ST\STM32CubeIDE_1.7.0\STM32CubeIDE\plugins\com.st.stm32cube.common.mx_6.3.0.202107141111
2024-11-10 21:10:10,322 [INFO] DbMcusXml:74 - Set database path to: C:\ST\STM32CubeIDE_1.7.0\STM32CubeIDE\plugins\com.st.stm32cube.common.mx_6.3.0.202107141111\\db\/mcu/
2024-11-10 21:10:10,327 [INFO] DbBoardsPdsc:56 - Set plugin database path to: C:\ST\STM32CubeIDE_1.7.0\STM32CubeIDE\plugins\com.st.stm32cube.common.mx_6.3.0.202107141111\\db\/plugins/boardmanager/
2024-11-10 21:10:10,327 [INFO] DbMcus:258 - Set plugin images path to: C:\ST\STM32CubeIDE_1.7.0\STM32CubeIDE\plugins\com.st.stm32cube.common.mx_6.3.0.202107141111\\db\/plugins/mcufinder/images/
2024-11-10 21:10:10,328 [INFO] DbBoards:264 - Set plugin images path to: C:\ST\STM32CubeIDE_1.7.0\STM32CubeIDE\plugins\com.st.stm32cube.common.mx_6.3.0.202107141111\\db\/plugins/mcufinder/images/
2024-11-10 21:10:10,330 [INFO] DbExamples:333 - Set plugin images path to: C:\ST\STM32CubeIDE_1.7.0\STM32CubeIDE\plugins\com.st.stm32cube.common.mx_6.3.0.202107141111\\db\/plugins/mcufinder/images/
2024-11-10 21:10:10,336 [INFO] DbMcusAds:119 - Set database path to: C:\Users\ACER\.stmcufinder\plugins\mcufinder//mcu/
2024-11-10 21:10:10,337 [INFO] DbMcusDocs:110 - Set database path to: C:\Users\ACER\.stmcufinder\plugins\mcufinder//mcu/
2024-11-10 21:10:10,338 [INFO] DbMcusJson:64 - Set database path to: C:\Users\ACER\.stmcufinder\plugins\mcufinder//mcu/
2024-11-10 21:10:10,340 [INFO] DbBoardsDocs:110 - Set database path to: C:\Users\ACER\.stmcufinder\plugins\mcufinder//mcu/
2024-11-10 21:10:10,341 [INFO] DbBoardsJson:57 - Set database path to: C:\Users\ACER\.stmcufinder\plugins\mcufinder//mcu/
2024-11-10 21:10:10,343 [INFO] CrossReferenceDbSqlite:196 - Set database path to: C:\Users\ACER\.stmcufinder\plugins\mcufinder//mcu/cs/
2024-11-10 21:10:10,346 [INFO] DbExamplesSqlite:767 - Set database path to: C:\Users\ACER\.stmcufinder\plugins\mcufinder//mcu/
2024-11-10 21:10:10,441 [INFO] RulesReader:57 - Compatibility file has been processed (242 Rules)
2024-11-10 21:10:10,533 [INFO] DbMcusXml:74 - Set database path to: C:\ST\STM32CubeIDE_1.7.0\STM32CubeIDE\plugins\com.st.stm32cube.common.mx_6.3.0.202107141111\\db\/mcu/
2024-11-10 21:10:10,534 [INFO] DbBoardsPdsc:56 - Set plugin database path to: C:\ST\STM32CubeIDE_1.7.0\STM32CubeIDE\plugins\com.st.stm32cube.common.mx_6.3.0.202107141111\\db\/plugins/boardmanager/
2024-11-10 21:10:10,534 [INFO] DbMcus:258 - Set plugin images path to: C:\ST\STM32CubeIDE_1.7.0\STM32CubeIDE\plugins\com.st.stm32cube.common.mx_6.3.0.202107141111\\db\/plugins/mcufinder/images/
2024-11-10 21:10:10,534 [INFO] DbBoards:264 - Set plugin images path to: C:\ST\STM32CubeIDE_1.7.0\STM32CubeIDE\plugins\com.st.stm32cube.common.mx_6.3.0.202107141111\\db\/plugins/mcufinder/images/
2024-11-10 21:10:10,535 [INFO] DbExamples:333 - Set plugin images path to: C:\ST\STM32CubeIDE_1.7.0\STM32CubeIDE\plugins\com.st.stm32cube.common.mx_6.3.0.202107141111\\db\/plugins/mcufinder/images/
2024-11-10 21:10:10,535 [WARN] DbFile:35 - Overriding database path with different value: C:\Users\ACER\.stmcufinder\plugins\mcufinder/ => C:\Users\ACER\.stmcufinder\plugins\mcufinder
2024-11-10 21:10:10,535 [INFO] DbMcusAds:119 - Set database path to: C:\Users\ACER\.stmcufinder\plugins\mcufinder//mcu/
2024-11-10 21:10:10,535 [WARN] DbFile:35 - Overriding database path with different value: C:\Users\ACER\.stmcufinder\plugins\mcufinder/ => C:\Users\ACER\.stmcufinder\plugins\mcufinder
2024-11-10 21:10:10,535 [INFO] DbMcusDocs:110 - Set database path to: C:\Users\ACER\.stmcufinder\plugins\mcufinder//mcu/
2024-11-10 21:10:10,535 [WARN] DbFile:35 - Overriding database path with different value: C:\Users\ACER\.stmcufinder\plugins\mcufinder/ => C:\Users\ACER\.stmcufinder\plugins\mcufinder
2024-11-10 21:10:10,535 [INFO] DbMcusJson:64 - Set database path to: C:\Users\ACER\.stmcufinder\plugins\mcufinder//mcu/
2024-11-10 21:10:10,535 [WARN] DbFile:35 - Overriding database path with different value: C:\Users\ACER\.stmcufinder\plugins\mcufinder/ => C:\Users\ACER\.stmcufinder\plugins\mcufinder
2024-11-10 21:10:10,535 [INFO] DbBoardsDocs:110 - Set database path to: C:\Users\ACER\.stmcufinder\plugins\mcufinder//mcu/
2024-11-10 21:10:10,535 [WARN] DbFile:35 - Overriding database path with different value: C:\Users\ACER\.stmcufinder\plugins\mcufinder/ => C:\Users\ACER\.stmcufinder\plugins\mcufinder
2024-11-10 21:10:10,535 [INFO] DbBoardsJson:57 - Set database path to: C:\Users\ACER\.stmcufinder\plugins\mcufinder//mcu/
2024-11-10 21:10:10,536 [WARN] DbFile:35 - Overriding database path with different value: C:\Users\ACER\.stmcufinder\plugins\mcufinder/ => C:\Users\ACER\.stmcufinder\plugins\mcufinder
2024-11-10 21:10:10,536 [WARN] DbFile:35 - Overriding database path with different value: C:\Users\ACER\.stmcufinder\plugins\mcufinder/ => C:\Users\ACER\.stmcufinder\plugins\mcufinder
2024-11-10 21:10:10,536 [INFO] CrossReferenceDbSqlite:196 - Set database path to: C:\Users\ACER\.stmcufinder\plugins\mcufinder//mcu/cs/
2024-11-10 21:10:10,536 [WARN] DbFile:35 - Overriding database path with different value: C:\Users\ACER\.stmcufinder\plugins\mcufinder/ => C:\Users\ACER\.stmcufinder\plugins\mcufinder
2024-11-10 21:10:10,536 [INFO] DbExamplesSqlite:767 - Set database path to: C:\Users\ACER\.stmcufinder\plugins\mcufinder//mcu/
2024-11-10 21:10:10,608 [INFO] MainPanel:214 - HeapMemory: 268435456
2024-11-10 21:10:10,692 [INFO] DbMcusXml:74 - Set database path to: C:\ST\STM32CubeIDE_1.7.0\STM32CubeIDE\plugins\com.st.stm32cube.common.mx_6.3.0.202107141111\\db\/mcu/
2024-11-10 21:10:10,693 [INFO] DbBoardsPdsc:56 - Set plugin database path to: C:\ST\STM32CubeIDE_1.7.0\STM32CubeIDE\plugins\com.st.stm32cube.common.mx_6.3.0.202107141111\\db\/plugins/boardmanager/
2024-11-10 21:10:10,693 [INFO] DbMcus:258 - Set plugin images path to: C:\ST\STM32CubeIDE_1.7.0\STM32CubeIDE\plugins\com.st.stm32cube.common.mx_6.3.0.202107141111\\db\/plugins/mcufinder/images/
2024-11-10 21:10:10,693 [INFO] DbBoards:264 - Set plugin images path to: C:\ST\STM32CubeIDE_1.7.0\STM32CubeIDE\plugins\com.st.stm32cube.common.mx_6.3.0.202107141111\\db\/plugins/mcufinder/images/
2024-11-10 21:10:10,693 [INFO] DbExamples:333 - Set plugin images path to: C:\ST\STM32CubeIDE_1.7.0\STM32CubeIDE\plugins\com.st.stm32cube.common.mx_6.3.0.202107141111\\db\/plugins/mcufinder/images/
2024-11-10 21:10:10,693 [WARN] DbFile:35 - Overriding database path with different value: C:\Users\ACER\.stmcufinder\plugins\mcufinder/ => C:\Users\ACER\.stmcufinder\plugins\mcufinder
2024-11-10 21:10:10,693 [INFO] DbMcusAds:119 - Set database path to: C:\Users\ACER\.stmcufinder\plugins\mcufinder//mcu/
2024-11-10 21:10:10,694 [WARN] DbFile:35 - Overriding database path with different value: C:\Users\ACER\.stmcufinder\plugins\mcufinder/ => C:\Users\ACER\.stmcufinder\plugins\mcufinder
2024-11-10 21:10:10,694 [INFO] DbMcusDocs:110 - Set database path to: C:\Users\ACER\.stmcufinder\plugins\mcufinder//mcu/
2024-11-10 21:10:10,694 [WARN] DbFile:35 - Overriding database path with different value: C:\Users\ACER\.stmcufinder\plugins\mcufinder/ => C:\Users\ACER\.stmcufinder\plugins\mcufinder
2024-11-10 21:10:10,694 [INFO] DbMcusJson:64 - Set database path to: C:\Users\ACER\.stmcufinder\plugins\mcufinder//mcu/
2024-11-10 21:10:10,694 [WARN] DbFile:35 - Overriding database path with different value: C:\Users\ACER\.stmcufinder\plugins\mcufinder/ => C:\Users\ACER\.stmcufinder\plugins\mcufinder
2024-11-10 21:10:10,694 [INFO] DbBoardsDocs:110 - Set database path to: C:\Users\ACER\.stmcufinder\plugins\mcufinder//mcu/
2024-11-10 21:10:10,694 [WARN] DbFile:35 - Overriding database path with different value: C:\Users\ACER\.stmcufinder\plugins\mcufinder/ => C:\Users\ACER\.stmcufinder\plugins\mcufinder
2024-11-10 21:10:10,694 [INFO] DbBoardsJson:57 - Set database path to: C:\Users\ACER\.stmcufinder\plugins\mcufinder//mcu/
2024-11-10 21:10:10,694 [WARN] DbFile:35 - Overriding database path with different value: C:\Users\ACER\.stmcufinder\plugins\mcufinder/ => C:\Users\ACER\.stmcufinder\plugins\mcufinder
2024-11-10 21:10:10,694 [WARN] DbFile:35 - Overriding database path with different value: C:\Users\ACER\.stmcufinder\plugins\mcufinder/ => C:\Users\ACER\.stmcufinder\plugins\mcufinder
2024-11-10 21:10:10,694 [INFO] CrossReferenceDbSqlite:196 - Set database path to: C:\Users\ACER\.stmcufinder\plugins\mcufinder//mcu/cs/
2024-11-10 21:10:10,694 [WARN] DbFile:35 - Overriding database path with different value: C:\Users\ACER\.stmcufinder\plugins\mcufinder/ => C:\Users\ACER\.stmcufinder\plugins\mcufinder
2024-11-10 21:10:10,694 [INFO] DbExamplesSqlite:767 - Set database path to: C:\Users\ACER\.stmcufinder\plugins\mcufinder//mcu/
2024-11-10 21:10:10,710 [INFO] ApplicationProperties:181 - Using Application install path: C:\ST\STM32CubeIDE_1.7.0\STM32CubeIDE\plugins\com.st.stm32cube.common.mx_6.3.0.202107141111
2024-11-10 21:10:10,711 [INFO] PluginManage:188 - Search for loadable plugins [exclusion list=, ]
2024-11-10 21:10:10,712 [INFO] PluginManage:302 - Check plugin analytics
2024-11-10 21:10:15,866 [INFO] AnalyticsPlugin:257 - Accepted Software Licenses: 
2024-11-10 21:10:15,868 [INFO] AnalyticsPlugin:259 - Accepted CMSIS Pack Licenses: 
2024-11-10 21:10:15,868 [INFO] AnalyticsPlugin:261 - Accepted Firmware Licenses: 
2024-11-10 21:10:15,869 [INFO] PluginManage:352 - Loaded plugin analytics (category:tool,tabindex:-1)
2024-11-10 21:10:15,869 [INFO] PluginManage:302 - Check plugin clock
2024-11-10 21:10:15,902 [INFO] PluginManage:352 - Loaded plugin clock (category:base,tabindex:2)
2024-11-10 21:10:15,902 [INFO] PluginManage:302 - Check plugin ddr
2024-11-10 21:10:15,906 [INFO] PluginManage:352 - Loaded plugin ddr (category:tool,tabindex:6)
2024-11-10 21:10:15,906 [INFO] PluginManage:302 - Check plugin filemanager
2024-11-10 21:10:16,100 [INFO] PluginManage:352 - Loaded plugin filemanager (category:base,tabindex:10)
2024-11-10 21:10:16,101 [INFO] PluginManage:302 - Check plugin ipmanager
2024-11-10 21:10:16,114 [INFO] PluginManage:352 - Loaded plugin ipmanager (category:base,tabindex:5)
2024-11-10 21:10:16,115 [INFO] PluginManage:302 - Check plugin pinoutandconfiguration
2024-11-10 21:10:16,141 [INFO] PluginManage:352 - Loaded plugin pinoutandconfiguration (category:base,tabindex:1)
2024-11-10 21:10:16,141 [INFO] PluginManage:302 - Check plugin pinoutconfig
2024-11-10 21:10:16,195 [INFO] PluginManage:352 - Loaded plugin pinoutconfig (category:base,tabindex:0)
2024-11-10 21:10:16,195 [INFO] PluginManage:302 - Check plugin power
2024-11-10 21:10:16,228 [INFO] PluginManage:352 - Loaded plugin power (category:power,tabindex:4)
2024-11-10 21:10:16,228 [INFO] PluginManage:302 - Check plugin projectmanager
2024-11-10 21:10:16,250 [INFO] PluginManage:352 - Loaded plugin projectmanager (category:projectmanager,tabindex:3)
2024-11-10 21:10:16,250 [INFO] PluginManage:302 - Check plugin thirdparty
2024-11-10 21:10:16,603 [WARN] IntegrityCheckThread:78 - waiting for thirdparty lock release [integrity check]
2024-11-10 21:10:16,604 [INFO] IntegrityCheckThread:80 - entering critical section [integrity check]
2024-11-10 21:10:16,603 [INFO] PluginManage:352 - Loaded plugin thirdparty (category:base,tabindex:-1)
2024-11-10 21:10:16,604 [INFO] PluginManage:302 - Check plugin tools
2024-11-10 21:10:16,604 [INFO] ThirdPartyUpdaterWithRetryManager:66 - Updater plugin not ready yet. [1/15]
2024-11-10 21:10:16,704 [INFO] PluginManage:352 - Loaded plugin tools (category:base,tabindex:7)
2024-11-10 21:10:16,704 [INFO] PluginManage:302 - Check plugin tutovideos
2024-11-10 21:10:17,144 [INFO] PluginManage:352 - Loaded plugin tutovideos (category:base,tabindex:-1)
2024-11-10 21:10:17,145 [INFO] PluginManage:302 - Check plugin updater
2024-11-10 21:10:17,161 [INFO] PluginManage:352 - Loaded plugin updater (category:base,tabindex:12)
2024-11-10 21:10:17,162 [INFO] PluginManage:275 - PluginManage : Loaded plugins [13]
2024-11-10 21:10:17,441 [INFO] PinOutPanel:1463 - setPackage(No Configuration,No Configuration)
2024-11-10 21:10:17,588 [INFO] IPUIPlugin:74 - create IPUIPlugin
2024-11-10 21:10:17,588 [INFO] PluginManager:213 - loadIPPluginJar : add adc
2024-11-10 21:10:17,659 [INFO] IPUIPlugin:74 - create IPUIPlugin
2024-11-10 21:10:17,660 [INFO] PluginManager:213 - loadIPPluginJar : add aes
2024-11-10 21:10:17,810 [INFO] IPUIPlugin:74 - create IPUIPlugin
2024-11-10 21:10:17,810 [INFO] PluginManager:213 - loadIPPluginJar : add can
2024-11-10 21:10:17,918 [INFO] IPUIPlugin:74 - create IPUIPlugin
2024-11-10 21:10:17,919 [INFO] PluginManager:213 - loadIPPluginJar : add comp
2024-11-10 21:10:18,017 [INFO] IPUIPlugin:74 - create IPUIPlugin
2024-11-10 21:10:18,018 [INFO] PluginManager:213 - loadIPPluginJar : add cryp
2024-11-10 21:10:18,127 [INFO] IPUIPlugin:74 - create IPUIPlugin
2024-11-10 21:10:18,128 [INFO] PluginManager:213 - loadIPPluginJar : add dfsdm
2024-11-10 21:10:18,157 [INFO] IPUIPlugin:74 - create IPUIPlugin
2024-11-10 21:10:18,158 [INFO] PluginManager:213 - loadIPPluginJar : add dma
2024-11-10 21:10:18,314 [INFO] IPUIPlugin:74 - create IPUIPlugin
2024-11-10 21:10:18,315 [INFO] PluginManager:213 - loadIPPluginJar : add dma3
2024-11-10 21:10:18,432 [INFO] IPUIPlugin:74 - create IPUIPlugin
2024-11-10 21:10:18,433 [INFO] PluginManager:213 - loadIPPluginJar : add fatfs
2024-11-10 21:10:18,551 [INFO] IPUIPlugin:74 - create IPUIPlugin
2024-11-10 21:10:18,551 [INFO] PluginManager:213 - loadIPPluginJar : add fmc
2024-11-10 21:10:18,581 [INFO] IPUIPlugin:74 - create IPUIPlugin
2024-11-10 21:10:18,581 [INFO] PluginManager:213 - loadIPPluginJar : add freertos
2024-11-10 21:10:18,630 [INFO] IPUIPlugin:74 - create IPUIPlugin
2024-11-10 21:10:18,631 [INFO] PluginManager:213 - loadIPPluginJar : add genericplugin
2024-11-10 21:10:18,895 [INFO] IPUIPlugin:74 - create IPUIPlugin
2024-11-10 21:10:18,895 [INFO] PluginManager:213 - loadIPPluginJar : add gfxmmu
2024-11-10 21:10:19,257 [INFO] IPUIPlugin:74 - create IPUIPlugin
2024-11-10 21:10:19,258 [INFO] PluginManager:213 - loadIPPluginJar : add gic
2024-11-10 21:10:19,286 [INFO] IPUIPlugin:74 - create IPUIPlugin
2024-11-10 21:10:19,287 [INFO] PluginManager:213 - loadIPPluginJar : add gpio
2024-11-10 21:10:19,400 [INFO] IPUIPlugin:74 - create IPUIPlugin
2024-11-10 21:10:19,400 [INFO] PluginManager:213 - loadIPPluginJar : add gtzc
2024-11-10 21:10:19,495 [INFO] IPUIPlugin:74 - create IPUIPlugin
2024-11-10 21:10:19,495 [INFO] PluginManager:213 - loadIPPluginJar : add hash
2024-11-10 21:10:19,612 [INFO] IPUIPlugin:74 - create IPUIPlugin
2024-11-10 21:10:19,612 [INFO] PluginManager:213 - loadIPPluginJar : add i2c
2024-11-10 21:10:19,618 [INFO] ThirdPartyUpdaterWithRetryManager:66 - Updater plugin not ready yet. [2/15]
2024-11-10 21:10:19,749 [INFO] IPUIPlugin:74 - create IPUIPlugin
2024-11-10 21:10:19,749 [INFO] PluginManager:213 - loadIPPluginJar : add i2s
2024-11-10 21:10:19,773 [INFO] IPUIPlugin:74 - create IPUIPlugin
2024-11-10 21:10:19,773 [INFO] PluginManager:213 - loadIPPluginJar : add ipddr
2024-11-10 21:10:19,930 [INFO] IPUIPlugin:74 - create IPUIPlugin
2024-11-10 21:10:19,930 [INFO] PluginManager:213 - loadIPPluginJar : add linkedlist
2024-11-10 21:10:19,989 [INFO] IPUIPlugin:74 - create IPUIPlugin
2024-11-10 21:10:19,989 [INFO] PluginManager:213 - loadIPPluginJar : add lorawan
2024-11-10 21:10:20,077 [INFO] IPUIPlugin:74 - create IPUIPlugin
2024-11-10 21:10:20,077 [INFO] PluginManager:213 - loadIPPluginJar : add ltdc
2024-11-10 21:10:20,096 [INFO] IPUIPlugin:74 - create IPUIPlugin
2024-11-10 21:10:20,097 [INFO] PluginManager:213 - loadIPPluginJar : add mdma
2024-11-10 21:10:20,117 [INFO] IPUIPlugin:74 - create IPUIPlugin
2024-11-10 21:10:20,117 [INFO] PluginManager:213 - loadIPPluginJar : add nvic
2024-11-10 21:10:20,180 [INFO] IPUIPlugin:74 - create IPUIPlugin
2024-11-10 21:10:20,181 [INFO] PluginManager:213 - loadIPPluginJar : add opamp
2024-11-10 21:10:20,302 [INFO] IPUIPlugin:74 - create IPUIPlugin
2024-11-10 21:10:20,303 [INFO] PluginManager:213 - loadIPPluginJar : add openamp
2024-11-10 21:10:20,418 [INFO] IPUIPlugin:74 - create IPUIPlugin
2024-11-10 21:10:20,418 [INFO] PluginManager:213 - loadIPPluginJar : add pdm2pcm
2024-11-10 21:10:20,477 [INFO] IPUIPlugin:74 - create IPUIPlugin
2024-11-10 21:10:20,484 [INFO] PluginManager:213 - loadIPPluginJar : add plateformsettings
2024-11-10 21:10:20,549 [INFO] IPUIPlugin:74 - create IPUIPlugin
2024-11-10 21:10:20,550 [INFO] PluginManager:213 - loadIPPluginJar : add quadspi
2024-11-10 21:10:20,577 [INFO] IPUIPlugin:74 - create IPUIPlugin
2024-11-10 21:10:20,577 [INFO] PluginManager:213 - loadIPPluginJar : add resmgrutility
2024-11-10 21:10:20,720 [INFO] IPUIPlugin:74 - create IPUIPlugin
2024-11-10 21:10:20,720 [INFO] PluginManager:213 - loadIPPluginJar : add sai
2024-11-10 21:10:20,786 [INFO] IPUIPlugin:74 - create IPUIPlugin
2024-11-10 21:10:20,786 [INFO] PluginManager:213 - loadIPPluginJar : add spi
2024-11-10 21:10:20,915 [INFO] IPUIPlugin:74 - create IPUIPlugin
2024-11-10 21:10:20,916 [INFO] PluginManager:213 - loadIPPluginJar : add stm32_wpan
2024-11-10 21:10:20,957 [INFO] IPUIPlugin:74 - create IPUIPlugin
2024-11-10 21:10:20,958 [INFO] PluginManager:213 - loadIPPluginJar : add tim
2024-11-10 21:10:21,050 [INFO] IPUIPlugin:74 - create IPUIPlugin
2024-11-10 21:10:21,050 [INFO] PluginManager:213 - loadIPPluginJar : add touchsensing
2024-11-10 21:10:21,097 [INFO] IPUIPlugin:74 - create IPUIPlugin
2024-11-10 21:10:21,097 [INFO] PluginManager:213 - loadIPPluginJar : add tracer_emb
2024-11-10 21:10:21,158 [INFO] IPUIPlugin:74 - create IPUIPlugin
2024-11-10 21:10:21,160 [INFO] PluginManager:213 - loadIPPluginJar : add ts
2024-11-10 21:10:21,202 [INFO] IPUIPlugin:74 - create IPUIPlugin
2024-11-10 21:10:21,202 [INFO] PluginManager:213 - loadIPPluginJar : add tsc
2024-11-10 21:10:21,266 [INFO] IPUIPlugin:74 - create IPUIPlugin
2024-11-10 21:10:21,267 [INFO] PluginManager:213 - loadIPPluginJar : add ucpd
2024-11-10 21:10:21,354 [INFO] IPUIPlugin:74 - create IPUIPlugin
2024-11-10 21:10:21,354 [INFO] PluginManager:213 - loadIPPluginJar : add usart
2024-11-10 21:10:21,461 [INFO] IPUIPlugin:74 - create IPUIPlugin
2024-11-10 21:10:21,461 [INFO] PluginManager:213 - loadIPPluginJar : add usbx
2024-11-10 21:10:21,957 [FATAL] Updater:294 - Updater called before beeing initialized
2024-11-10 21:10:22,160 [FATAL] Updater:294 - Updater called before beeing initialized
2024-11-10 21:10:22,174 [INFO] DbMcusAds:47 - JSON generation date=Fri Sep 20 20:04:38 ICT 2024 (1726837478367)
2024-11-10 21:10:22,175 [FATAL] Updater:294 - Updater called before beeing initialized
2024-11-10 21:10:22,289 [WARN] DetailPanel:314 - Failed to get advertising image, set to default
2024-11-10 21:10:22,430 [FATAL] Updater:294 - Updater called before beeing initialized
2024-11-10 21:10:22,433 [FATAL] Updater:294 - Updater called before beeing initialized
2024-11-10 21:10:22,434 [FATAL] Updater:294 - Updater called before beeing initialized
2024-11-10 21:10:22,434 [WARN] DetailPanel:314 - Failed to get advertising image, set to default
2024-11-10 21:10:22,436 [FATAL] Updater:294 - Updater called before beeing initialized
2024-11-10 21:10:22,537 [ERROR] Updater:1075 - MainUpdater not yet initialized. External WinMGr cannot be set.
2024-11-10 21:10:22,553 [INFO] Updater:1012 - Updater Version found : 6.3.0
2024-11-10 21:10:22,581 [INFO] ApplicationProperties:181 - Using Application install path: C:\ST\STM32CubeIDE_1.7.0\STM32CubeIDE\plugins\com.st.stm32cube.common.mx_6.3.0.202107141111
2024-11-10 21:10:22,629 [INFO] ThirdPartyUpdaterWithRetryManager:66 - Updater plugin not ready yet. [3/15]
2024-11-10 21:10:22,986 [INFO] MainUpdater:2671 - connection check result : 10
2024-11-10 21:10:22,986 [INFO] MainUpdater:265 - Updater Check For Update Now.
2024-11-10 21:10:22,987 [INFO] MicroXplorer:478 - Change Database Version : DB.6.0.30
2024-11-10 21:10:23,238 [INFO] CheckServerUpdateThread:112 - End of CheckServer Thread
2024-11-10 21:10:23,345 [INFO] MainUpdater:2671 - connection check result : 10
2024-11-10 21:10:23,371 [INFO] McuFinderGlobals:52 - Set McuFinderConnectedMode to true
2024-11-10 21:10:23,751 [INFO] ServerAccessManage:362 - Download File mcusAds.json._tmp_
2024-11-10 21:10:23,878 [INFO] LoadUrlFilesThread:145 - End of LoadUrlFiles Thread
2024-11-10 21:10:24,663 [INFO] ServerAccessManage:362 - Download File mcusDocs.json._tmp_
2024-11-10 21:10:25,393 [INFO] LoadUrlFilesThread:145 - End of LoadUrlFiles Thread
2024-11-10 21:10:25,639 [WARN] MainUpdater:1122 - Updater busy. Cannot search thirdparties
2024-11-10 21:10:25,639 [INFO] ThirdPartyUpdaterWithRetryManager:92 - Updater plugin is busy. [1/15]
2024-11-10 21:10:25,822 [INFO] ServerAccessManage:362 - Download File mcusFeaturesAndDescription.json._tmp_
2024-11-10 21:10:28,649 [WARN] MainUpdater:1122 - Updater busy. Cannot search thirdparties
2024-11-10 21:10:28,649 [INFO] ThirdPartyUpdaterWithRetryManager:92 - Updater plugin is busy. [2/15]
2024-11-10 21:10:29,088 [INFO] LoadUrlFilesThread:145 - End of LoadUrlFiles Thread
2024-11-10 21:10:29,355 [INFO] ServerAccessManage:362 - Download File boardsDocs.json._tmp_
2024-11-10 21:10:29,491 [INFO] LoadUrlFilesThread:145 - End of LoadUrlFiles Thread
2024-11-10 21:10:29,725 [INFO] ServerAccessManage:362 - Download File boards.json._tmp_
2024-11-10 21:10:29,963 [INFO] LoadUrlFilesThread:145 - End of LoadUrlFiles Thread
2024-11-10 21:10:30,199 [INFO] ServerAccessManage:362 - Download File cube-finder-db.zip
2024-11-10 21:10:31,662 [WARN] MainUpdater:1122 - Updater busy. Cannot search thirdparties
2024-11-10 21:10:31,662 [INFO] ThirdPartyUpdaterWithRetryManager:92 - Updater plugin is busy. [3/15]
2024-11-10 21:10:34,667 [WARN] MainUpdater:1122 - Updater busy. Cannot search thirdparties
2024-11-10 21:10:34,667 [INFO] ThirdPartyUpdaterWithRetryManager:92 - Updater plugin is busy. [4/15]
2024-11-10 21:10:37,677 [WARN] MainUpdater:1122 - Updater busy. Cannot search thirdparties
2024-11-10 21:10:37,677 [INFO] ThirdPartyUpdaterWithRetryManager:92 - Updater plugin is busy. [5/15]
2024-11-10 21:10:38,497 [INFO] FileExtend:235 - Unzip File : cube-finder-db.zip
2024-11-10 21:10:38,498 [INFO] FileExtend:250 - Standard Zip Deflate
2024-11-10 21:10:39,839 [INFO] LoadUrlFilesThread:145 - End of LoadUrlFiles Thread
2024-11-10 21:10:40,806 [ERROR] Engine:463 - C:\Users\ACER\.stm32cubemx\thirdparties\pdsc\STMicroelectronics.FP-SNS-MOTENVWB1.1.4.0.pdsc: PDSC version is not supported
2024-11-10 21:10:40,820 [ERROR] Engine:463 - C:\Users\ACER\.stm32cubemx\thirdparties\pdsc\STMicroelectronics.X-CUBE-SMBUS.2.1.0.pdsc: PDSC version is not supported
2024-11-10 21:10:40,860 [WARN] PackLoader:238 - Cannot read IP mode file for STMicroelectronics.X-CUBE-WB05N.1.1.0
2024-11-10 21:10:40,911 [WARN] PackLoader:238 - Cannot read IP mode file for STMicroelectronics.X-CUBE-AZRTOS-F7.1.1.0
2024-11-10 21:10:40,984 [WARN] PackLoader:238 - Cannot read IP mode file for STMicroelectronics.X-CUBE-MEMS1.11.0.0
2024-11-10 21:10:41,139 [ERROR] Engine:463 - C:\Users\ACER\.stm32cubemx\thirdparties\pdsc\STMicroelectronics.FP-SNS-FLIGHT1.5.0.2.pdsc: PDSC version is not supported
2024-11-10 21:10:41,151 [ERROR] Engine:463 - C:\Users\ACER\.stm32cubemx\thirdparties\pdsc\STMicroelectronics.X-CUBE-DISPLAY.3.0.0.pdsc: PDSC version is not supported
2024-11-10 21:10:41,165 [WARN] PackLoader:238 - Cannot read IP mode file for STMicroelectronics.X-CUBE-BLE1.7.0.0
2024-11-10 21:10:41,178 [WARN] PackLoader:238 - Cannot read IP mode file for STMicroelectronics.X-CUBE-NFC10.1.0.0
2024-11-10 21:10:41,191 [ERROR] Engine:463 - C:\Users\ACER\.stm32cubemx\thirdparties\pdsc\emotas.I-CUBE-CANOPEN.1.3.0.pdsc: PDSC version is not supported
2024-11-10 21:10:41,202 [ERROR] Engine:463 - C:\Users\ACER\.stm32cubemx\thirdparties\pdsc\STMicroelectronics.X-CUBE-BLEMGR.3.1.0.pdsc: PDSC version is not supported
2024-11-10 21:10:41,213 [ERROR] Engine:463 - C:\Users\ACER\.stm32cubemx\thirdparties\pdsc\STMicroelectronics.FP-SNS-SMARTAG2.1.2.0.pdsc: PDSC version is not supported
2024-11-10 21:10:41,234 [INFO] LogOutputStream:76 - [STDOUT_REDIRECT] 1 : Invalid condition id : UX_CORESTACK_Condition cause : null
2024-11-10 21:10:41,237 [INFO] LogOutputStream:76 - [STDOUT_REDIRECT] 1 : Invalid condition id : UX_CORESTACK_Condition cause : null
2024-11-10 21:10:41,238 [INFO] LogOutputStream:76 - [STDOUT_REDIRECT] 1 : Invalid condition id : UX_CORESTACK_Condition cause : null
2024-11-10 21:10:41,241 [INFO] LogOutputStream:76 - [STDOUT_REDIRECT] 1 : Invalid condition id : UX_CORESTACK_Condition cause : null
2024-11-10 21:10:41,242 [INFO] LogOutputStream:76 - [STDOUT_REDIRECT] 1 : Invalid condition id : UX_CORESTACK_Condition cause : null
2024-11-10 21:10:41,244 [WARN] PackLoader:238 - Cannot read IP mode file for STMicroelectronics.X-CUBE-AZRTOS-WL.2.0.0
2024-11-10 21:10:41,256 [ERROR] Engine:463 - C:\Users\ACER\.stm32cubemx\thirdparties\pdsc\STMicroelectronics.FP-SNS-MOTENV1.5.0.0.pdsc: PDSC version is not supported
2024-11-10 21:10:41,267 [WARN] PackLoader:238 - Cannot read IP mode file for wolfSSL.I-CUBE-wolfMQTT.1.19.0
2024-11-10 21:10:41,281 [WARN] PackLoader:238 - Cannot read IP mode file for WES.I-CUBE-Cesium.1.3.0
2024-11-10 21:10:41,293 [WARN] PackLoader:238 - Cannot read IP mode file for STMicroelectronics.X-CUBE-BLE2.3.3.0
2024-11-10 21:10:41,308 [WARN] PackLoader:238 - Cannot read IP mode file for STMicroelectronics.X-CUBE-NFC9.1.0.0
2024-11-10 21:10:41,321 [ERROR] Engine:463 - C:\Users\ACER\.stm32cubemx\thirdparties\pdsc\STMicroelectronics.X-CUBE-TCPP.4.1.0.pdsc: PDSC version is not supported
2024-11-10 21:10:41,346 [WARN] PackLoader:238 - Cannot read IP mode file for STMicroelectronics.X-CUBE-AZRTOS-G0.1.1.0
2024-11-10 21:10:41,363 [WARN] PackLoader:238 - Cannot read IP mode file for STMicroelectronics.X-CUBE-SAFEA1.1.2.2
2024-11-10 21:10:41,377 [WARN] PackLoader:238 - Cannot read IP mode file for STMicroelectronics.X-CUBE-NFC4.3.0.0
2024-11-10 21:10:41,390 [ERROR] Engine:463 - C:\Users\ACER\.stm32cubemx\thirdparties\pdsc\EmbeddedOffice.I-CUBE-FS-RTOS.1.0.1.pdsc: PDSC version is not supported
2024-11-10 21:10:41,400 [ERROR] Engine:463 - C:\Users\ACER\.stm32cubemx\thirdparties\pdsc\RealThread.X-CUBE-RT-Thread_Nano.4.1.1.pdsc: PDSC version is not supported
2024-11-10 21:10:41,410 [WARN] PackLoader:238 - Cannot read IP mode file for STMicroelectronics.FP-ATR-SIGFOX1.3.2.0
2024-11-10 21:10:41,422 [WARN] PackLoader:238 - Cannot read IP mode file for wolfSSL.I-CUBE-wolfSSL.5.7.2
2024-11-10 21:10:41,435 [WARN] PackLoader:238 - Cannot read IP mode file for STMicroelectronics.X-CUBE-EEPRMA1.5.1.0
2024-11-10 21:10:41,448 [ERROR] Engine:463 - C:\Users\ACER\.stm32cubemx\thirdparties\pdsc\ITTIA_DB.I-CUBE-ITTIADB.8.9.0.pdsc: PDSC version is not supported
2024-11-10 21:10:41,486 [WARN] PackLoader:238 - Cannot read IP mode file for SEGGER.I-CUBE-embOS.1.3.1
2024-11-10 21:10:41,563 [WARN] PackLoader:238 - Cannot read IP mode file for STMicroelectronics.X-CUBE-ALGOBUILD.1.4.0
2024-11-10 21:10:41,582 [WARN] PackLoader:238 - Cannot read IP mode file for STMicroelectronics.X-CUBE-AI.9.1.0
2024-11-10 21:10:41,596 [WARN] PackLoader:238 - Cannot read IP mode file for STMicroelectronics.X-CUBE-GNSS1.6.0.0
2024-11-10 21:10:41,622 [WARN] PackLoader:238 - Cannot read IP mode file for STMicroelectronics.X-CUBE-AZRTOS-F4.1.1.0
2024-11-10 21:10:41,637 [WARN] PackLoader:238 - Cannot read IP mode file for STMicroelectronics.X-CUBE-ISPU.2.1.0
2024-11-10 21:10:41,648 [ERROR] Engine:463 - C:\Users\ACER\.stm32cubemx\thirdparties\pdsc\STMicroelectronics.X-CUBE-FREERTOS.1.2.0.pdsc: PDSC version is not supported
2024-11-10 21:10:41,680 [WARN] PackLoader:238 - Cannot read IP mode file for STMicroelectronics.X-CUBE-AZRTOS-L5.2.0.0
2024-11-10 21:10:41,698 [WARN] PackLoader:238 - Cannot read IP mode file for STMicroelectronics.X-CUBE-NFC6.3.1.0
2024-11-10 21:10:41,712 [ERROR] Engine:463 - C:\Users\ACER\.stm32cubemx\thirdparties\pdsc\STMicroelectronics.X-CUBE-DPower.1.2.0.pdsc: PDSC version is not supported
2024-11-10 21:10:41,724 [WARN] PackLoader:238 - Cannot read IP mode file for STMicroelectronics.X-CUBE-AI.9.0.0
2024-11-10 21:10:41,738 [WARN] PackLoader:238 - Cannot read IP mode file for STMicroelectronics.X-CUBE-NFC7.1.0.1
2024-11-10 21:10:41,770 [WARN] ConditionMgr:437 - getConditionDescription Invalid condition id : LAN8742 Phy interface Condition cause : null
2024-11-10 21:10:41,771 [WARN] PackLoader:238 - Cannot read IP mode file for STMicroelectronics.X-CUBE-AZRTOS-L4.2.0.0
2024-11-10 21:10:41,772 [WARN] ConditionMgr:1038 - genDependencies : Invalid condition id : LAN8742 Phy interface Condition cause : null
2024-11-10 21:10:41,772 [WARN] ConditionMgr:1038 - genDependencies : Invalid condition id : LAN8742 Phy interface Condition cause : null
2024-11-10 21:10:41,772 [WARN] ConditionMgr:1038 - genDependencies : Invalid condition id : LAN8742 Phy interface Condition cause : null
2024-11-10 21:10:41,791 [WARN] PackLoader:238 - Cannot read IP mode file for STMicroelectronics.X-CUBE-SFXS2LP1.4.0.0
2024-11-10 21:10:41,825 [WARN] PackLoader:238 - Cannot read IP mode file for STMicroelectronics.X-CUBE-AZRTOS-H7.3.3.0
2024-11-10 21:10:41,843 [ERROR] Engine:463 - C:\Users\ACER\.stm32cubemx\thirdparties\pdsc\STMicroelectronics.X-CUBE-IPS.3.0.0.pdsc: PDSC version is not supported
2024-11-10 21:10:41,867 [WARN] ConditionMgr:437 - getConditionDescription Invalid condition id : UX DEVICE CLASS RTOS Condition cause : null
2024-11-10 21:10:41,868 [WARN] ConditionMgr:437 - getConditionDescription Invalid condition id : UX DEVICE CLASS RTOS Condition cause : null
2024-11-10 21:10:41,869 [WARN] PackLoader:238 - Cannot read IP mode file for STMicroelectronics.X-CUBE-AZRTOS-WB.2.0.0
2024-11-10 21:10:41,870 [WARN] ConditionMgr:1038 - genDependencies : Invalid condition id : UX DEVICE CLASS RTOS Condition cause : null
2024-11-10 21:10:41,870 [WARN] ConditionMgr:1038 - genDependencies : Invalid condition id : UX DEVICE CLASS RTOS Condition cause : null
2024-11-10 21:10:41,870 [WARN] ConditionMgr:1038 - genDependencies : Invalid condition id : UX DEVICE CLASS RTOS Condition cause : null
2024-11-10 21:10:41,870 [WARN] ConditionMgr:1038 - genDependencies : Invalid condition id : UX DEVICE CLASS RTOS Condition cause : null
2024-11-10 21:10:41,870 [WARN] ConditionMgr:1038 - genDependencies : Invalid condition id : UX DEVICE CLASS RTOS Condition cause : null
2024-11-10 21:10:41,886 [WARN] PackLoader:238 - Cannot read IP mode file for STMicroelectronics.X-CUBE-GNSS1.7.0.0
2024-11-10 21:10:41,900 [ERROR] Engine:463 - C:\Users\ACER\.stm32cubemx\thirdparties\pdsc\STMicroelectronics.FP-SNS-STBOX1.2.0.0.pdsc: PDSC version is not supported
2024-11-10 21:10:41,918 [WARN] PackLoader:238 - Cannot read IP mode file for STMicroelectronics.X-CUBE-SUBG2.5.0.0
2024-11-10 21:10:41,934 [ERROR] Engine:463 - C:\Users\ACER\.stm32cubemx\thirdparties\pdsc\Cesanta.I-CUBE-Mongoose.7.13.0.pdsc: PDSC version is not supported
2024-11-10 21:10:41,959 [WARN] PackLoader:238 - Cannot read IP mode file for STMicroelectronics.X-CUBE-AZRTOS-G4.2.0.0
2024-11-10 21:10:41,978 [WARN] PackLoader:238 - Cannot read IP mode file for STMicroelectronics.X-CUBE-ISPU.2.0.0
2024-11-10 21:10:41,994 [ERROR] Engine:463 - C:\Users\ACER\.stm32cubemx\thirdparties\pdsc\STMicroelectronics.X-CUBE-ALS.1.0.2.pdsc: PDSC version is not supported
2024-11-10 21:10:42,010 [WARN] PackLoader:238 - Cannot read IP mode file for STMicroelectronics.X-CUBE-TOUCHGFX.4.24.0
2024-11-10 21:10:42,024 [WARN] PackLoader:238 - Cannot read IP mode file for STMicroelectronics.X-CUBE-TOUCHGFX.4.24.1
2024-11-10 21:10:42,040 [WARN] PackLoader:238 - Cannot read IP mode file for wolfSSL.I-CUBE-wolfTPM.3.4.0
2024-11-10 21:10:42,056 [WARN] PackLoader:238 - Cannot read IP mode file for portGmbH.I-Cube-SoM-uGOAL.1.1.0
2024-11-10 21:10:42,086 [WARN] PackLoader:238 - Cannot read IP mode file for STMicroelectronics.X-CUBE-AZRTOS-H7RS.1.0.0
2024-11-10 21:10:42,110 [WARN] PackLoader:238 - Cannot read IP mode file for STMicroelectronics.FP-ATR-ASTRA1.2.0.0
2024-11-10 21:10:42,127 [ERROR] Engine:463 - C:\Users\ACER\.stm32cubemx\thirdparties\pdsc\STMicroelectronics.X-CUBE-TOF1.3.4.2.pdsc: PDSC version is not supported
2024-11-10 21:10:42,147 [ERROR] Engine:463 - C:\Users\ACER\.stm32cubemx\thirdparties\pdsc\Infineon.AIROC-Wi-Fi-Bluetooth-STM32.1.6.1.pdsc: PDSC version is not supported
2024-11-10 21:10:42,162 [WARN] PackLoader:238 - Cannot read IP mode file for wolfSSL.I-CUBE-wolfSSH.1.4.17
2024-11-10 21:10:42,162 [INFO] ThirdParty:915 - Integrity check success = true
2024-11-10 21:10:42,162 [INFO] IntegrityCheckThread:94 - exiting critical section [integrity check]
2024-11-10 21:10:42,162 [INFO] IntegrityCheckThread:97 - End integrity checks thread
2024-11-10 21:10:43,980 [INFO] ServerAccessManage:362 - Download File crdb.zip
2024-11-10 21:10:46,442 [INFO] FileExtend:235 - Unzip File : crdb.zip
2024-11-10 21:10:46,443 [INFO] FileExtend:250 - Standard Zip Deflate
2024-11-10 21:10:46,589 [INFO] LoadUrlFilesThread:145 - End of LoadUrlFiles Thread
2024-11-10 21:10:46,834 [INFO] ServerAccessManage:362 - Download File tutoVideoDB.zip
2024-11-10 21:10:46,904 [INFO] FileExtend:235 - Unzip File : tutoVideoDB.zip
2024-11-10 21:10:46,905 [INFO] FileExtend:250 - Standard Zip Deflate
2024-11-10 21:10:47,028 [INFO] LoadUrlFilesThread:145 - End of LoadUrlFiles Thread
2024-11-10 21:10:47,029 [INFO] DbMcusAds:47 - JSON generation date=Fri Sep 20 20:04:38 ICT 2024 (1726837478367)
2024-11-10 21:10:47,048 [INFO] DbMcusDocs:143 - JSON generation date=Tue Nov 16 23:17:54 ICT 2021 (1637079474)
2024-11-10 21:10:47,050 [INFO] DbMcusXml:100 - Load MCU database from C:\ST\STM32CubeIDE_1.7.0\STM32CubeIDE\plugins\com.st.stm32cube.common.mx_6.3.0.202107141111\\db\/mcu/families.xml
2024-11-10 21:10:48,086 [INFO] DbMcusJson:93 - JSON generation date=Tue Nov 16 23:17:54 ICT 2021 (1637079474)
2024-11-10 21:10:48,885 [INFO] DbMcus:175 - Found 1951 MCUs (1903 are supported by CubeMX, 1914 are visible in CubeMX)
2024-11-10 21:10:48,887 [INFO] ApiDb:251 - Load user favorites file C:\Users\ACER/.stm32cubeide/favorites.mcus.txt: 0 item(s)
2024-11-10 21:10:48,887 [INFO] ApiDb:255 - User favorites MCUs=[]
2024-11-10 21:10:48,887 [INFO] DbMcus:187 - Set 0 / 0 favorites MCUs
2024-11-10 21:10:49,602 [INFO] DbMcusDocs:79 - Found 682 MCUs documents
2024-11-10 21:10:49,606 [INFO] ApiDb:276 - Save user favorites file C:\Users\ACER/.stm32cubeide/favorites.mcus.txt: 0 item(s)
2024-11-10 21:10:49,606 [INFO] ApiDb:280 - User favorites MCUs=[]
2024-11-10 21:10:49,607 [INFO] DbMcusXml:100 - Load MCU database from C:\ST\STM32CubeIDE_1.7.0\STM32CubeIDE\plugins\com.st.stm32cube.common.mx_6.3.0.202107141111\\db\/mcu/families.xml
2024-11-10 21:10:50,551 [INFO] DbMcusJson:93 - JSON generation date=Tue Nov 16 23:17:54 ICT 2021 (1637079474)
2024-11-10 21:10:51,487 [INFO] DbMcus:175 - Found 1951 MCUs (1903 are supported by CubeMX, 1914 are visible in CubeMX)
2024-11-10 21:10:51,487 [INFO] ApiDb:251 - Load user favorites file C:\Users\ACER/.stm32cubeide/favorites.mcus.txt: 0 item(s)
2024-11-10 21:10:51,488 [INFO] ApiDb:255 - User favorites MCUs=[]
2024-11-10 21:10:51,488 [INFO] DbMcus:187 - Set 0 / 0 favorites MCUs
2024-11-10 21:10:51,500 [INFO] DbBoardsDocs:143 - JSON generation date=Tue Nov 16 23:17:54 ICT 2021 (1637079474)
2024-11-10 21:10:51,527 [INFO] DbBoardsPdsc:90 - Found 25 items
2024-11-10 21:10:51,537 [INFO] DbBoardsPdsc:90 - Found 9 items
2024-11-10 21:10:51,554 [INFO] DbBoardsPdsc:90 - Found 33 items
2024-11-10 21:10:51,565 [INFO] DbBoardsPdsc:90 - Found 1 items
2024-11-10 21:10:51,581 [INFO] DbBoardsPdsc:90 - Found 48 items
2024-11-10 21:10:51,600 [INFO] DbBoardsPdsc:90 - Found 43 items
2024-11-10 21:10:51,611 [INFO] DbBoardsPdsc:90 - Found 2 items
2024-11-10 21:10:51,622 [INFO] DbBoardsPdsc:90 - Found 5 items
2024-11-10 21:10:51,627 [WARN] DbBoardsPdsc:254 - Board STM32H7B3I-DK: unknown feature type=Audio, name=, username=Audio stereo codec with Headphone Amp (CS42L51-CNZ), n=1
2024-11-10 21:10:51,628 [WARN] DbBoardsPdsc:254 - Board STM32H735G-DK: unknown feature type=Audio, name=, username=Audio stereo codec with Headphone Amp (WM8994ECS/R), n=1
2024-11-10 21:10:51,630 [WARN] DbBoardsPdsc:254 - Board STM32H7B3I-EVAL: unknown feature type=Audio, name=, username=Multi-Channel Audio Codec (CS42L51-CNZ), n=1
2024-11-10 21:10:51,631 [WARN] DbBoardsPdsc:254 - Board STM32H7B3I-EVAL: unknown feature type=Meter, name=, username=Power-metering and Temperature-monitoring with sigma-delta modulators, n=1
2024-11-10 21:10:51,631 [WARN] DbBoardsPdsc:254 - Board STM32H7B3I-EVAL: unknown feature type=Motor, name=, username=Motor Control, n=1
2024-11-10 21:10:51,632 [WARN] DbBoardsPdsc:254 - Board STM32U575I-EV: unknown feature type=joystick, name=, username=4-direction joystick with selection button, n=1
2024-11-10 21:10:51,656 [INFO] DbBoardsJson:86 - JSON generation date=Tue Nov 16 23:17:54 ICT 2021 (1637079474)
2024-11-10 21:10:51,668 [INFO] DbBoards:117 - Found 167 boards (163 are supported by CubeMX)
2024-11-10 21:10:51,670 [INFO] DbBoardsDocs:143 - JSON generation date=Tue Nov 16 23:17:54 ICT 2021 (1637079474)
2024-11-10 21:10:51,676 [INFO] DbBoardsDocs:79 - Found 209 boards documents
2024-11-10 21:10:51,678 [WARN] DbBoards:127 - board B-L475E-IOT01A2 has no document id list !
2024-11-10 21:10:51,680 [WARN] DbBoards:127 - board NUCLEO-H743ZI has no document id list !
2024-11-10 21:10:51,681 [WARN] DbBoards:127 - board NUCLEO-WL55JC2 has no document id list !
2024-11-10 21:10:51,681 [WARN] DbBoards:127 - board P-NUCLEO-WB55-Nucleo has no document id list !
2024-11-10 21:10:51,681 [WARN] DbBoards:127 - board P-NUCLEO-WB55-USBDongle has no document id list !
2024-11-10 21:10:51,681 [WARN] DbBoards:127 - board STEVAL-BFA001V1B has no document id list !
2024-11-10 21:10:51,681 [WARN] DbBoards:127 - board STEVAL-BFA001V2B has no document id list !
2024-11-10 21:10:51,681 [WARN] DbBoards:127 - board STEVAL-IDP005V1 has no document id list !
2024-11-10 21:10:51,682 [WARN] DbBoards:127 - board STEVAL-IDP005V2 has no document id list !
2024-11-10 21:10:51,682 [WARN] DbBoards:127 - board STEVAL-MKSBOX1V1 has no document id list !
2024-11-10 21:10:51,682 [WARN] DbBoards:127 - board STEVAL-STWINKT1 has no document id list !
2024-11-10 21:10:51,682 [WARN] DbBoards:127 - board STEVAL-STWINKT1B has no document id list !
2024-11-10 21:10:51,682 [WARN] DbBoards:127 - board STM32439I-EVAL2 has no document id list !
2024-11-10 21:10:51,682 [WARN] DbBoards:127 - board STM32F401C-DISCO has no document id list !
2024-11-10 21:10:51,683 [WARN] DbBoards:127 - board STM32F769I-DISC1 has no document id list !
2024-11-10 21:10:51,683 [WARN] DbBoards:127 - board STM32G474E-EVAL1 has no document id list !
2024-11-10 21:10:51,683 [WARN] DbBoards:127 - board STM32H743I-EVAL2 has no document id list !
2024-11-10 21:10:51,683 [WARN] DbBoards:127 - board STM32H747I-DISC1 has no document id list !
2024-11-10 21:10:51,683 [WARN] DbBoards:127 - board STM32H753I-EVAL2 has no document id list !
2024-11-10 21:10:51,683 [WARN] DbBoards:127 - board STM32L-DISCOVERY has no document id list !
2024-11-10 21:10:51,888 [ERROR] DbBoards:189 - Image file not found for board B-U585I-IOT02A: C:\ST\STM32CubeIDE_1.7.0\STM32CubeIDE\plugins\com.st.stm32cube.common.mx_6.3.0.202107141111\\db\/plugins/mcufinder/images/boards/B-U585I-IOT02A_small.jpg
2024-11-10 21:10:52,021 [ERROR] DbBoards:189 - Image file not found for board NUCLEO-F413ZH: C:\ST\STM32CubeIDE_1.7.0\STM32CubeIDE\plugins\com.st.stm32cube.common.mx_6.3.0.202107141111\\db\/plugins/mcufinder/images/boards/nucleo-f413zh_small.jpg
2024-11-10 21:10:52,287 [ERROR] DbBoards:189 - Image file not found for board NUCLEO-L552ZE-Q: C:\ST\STM32CubeIDE_1.7.0\STM32CubeIDE\plugins\com.st.stm32cube.common.mx_6.3.0.202107141111\\db\/plugins/mcufinder/images/boards/nucleo_l552ze_q_small.jpg
2024-11-10 21:10:52,287 [ERROR] DbBoards:189 - Image file not found for board NUCLEO-U575ZI-Q: C:\ST\STM32CubeIDE_1.7.0\STM32CubeIDE\plugins\com.st.stm32cube.common.mx_6.3.0.202107141111\\db\/plugins/mcufinder/images/boards/nucleo-u575zi-q_small.jpg
2024-11-10 21:10:52,288 [ERROR] DbBoards:189 - Image file not found for board NUCLEO-WB15CC: C:\ST\STM32CubeIDE_1.7.0\STM32CubeIDE\plugins\com.st.stm32cube.common.mx_6.3.0.202107141111\\db\/plugins/mcufinder/images/boards/nucleo-wb15cc_small.jpg
2024-11-10 21:10:52,288 [ERROR] DbBoards:189 - Image file not found for board NUCLEO-WB55RG: C:\ST\STM32CubeIDE_1.7.0\STM32CubeIDE\plugins\com.st.stm32cube.common.mx_6.3.0.202107141111\\db\/plugins/mcufinder/images/boards/nucleo-wb55rg_small.jpg
2024-11-10 21:10:53,781 [INFO] ApiDb:251 - Load user favorites file C:\Users\ACER/.stm32cubeide/favorites.boards.txt: 0 item(s)
2024-11-10 21:10:53,781 [INFO] ApiDb:255 - User favorites Boards=[]
2024-11-10 21:10:53,781 [INFO] DbBoards:206 - Set 0 / 0 favorites Boards
2024-11-10 21:10:53,785 [INFO] DbBoardsDocs:79 - Found 418 boards documents
2024-11-10 21:10:53,787 [INFO] ApiDb:276 - Save user favorites file C:\Users\ACER/.stm32cubeide/favorites.boards.txt: 0 item(s)
2024-11-10 21:10:53,787 [INFO] ApiDb:280 - User favorites Boards=[]
2024-11-10 21:10:53,792 [INFO] DbBoardsPdsc:90 - Found 25 items
2024-11-10 21:10:53,794 [INFO] DbBoardsPdsc:90 - Found 9 items
2024-11-10 21:10:53,796 [INFO] DbBoardsPdsc:90 - Found 33 items
2024-11-10 21:10:53,799 [INFO] DbBoardsPdsc:90 - Found 1 items
2024-11-10 21:10:53,808 [INFO] DbBoardsPdsc:90 - Found 48 items
2024-11-10 21:10:53,814 [INFO] DbBoardsPdsc:90 - Found 43 items
2024-11-10 21:10:53,816 [INFO] DbBoardsPdsc:90 - Found 2 items
2024-11-10 21:10:53,819 [INFO] DbBoardsPdsc:90 - Found 5 items
2024-11-10 21:10:53,823 [WARN] DbBoardsPdsc:254 - Board STM32H7B3I-DK: unknown feature type=Audio, name=, username=Audio stereo codec with Headphone Amp (CS42L51-CNZ), n=1
2024-11-10 21:10:53,823 [WARN] DbBoardsPdsc:254 - Board STM32H735G-DK: unknown feature type=Audio, name=, username=Audio stereo codec with Headphone Amp (WM8994ECS/R), n=1
2024-11-10 21:10:53,825 [WARN] DbBoardsPdsc:254 - Board STM32H7B3I-EVAL: unknown feature type=Audio, name=, username=Multi-Channel Audio Codec (CS42L51-CNZ), n=1
2024-11-10 21:10:53,826 [WARN] DbBoardsPdsc:254 - Board STM32H7B3I-EVAL: unknown feature type=Meter, name=, username=Power-metering and Temperature-monitoring with sigma-delta modulators, n=1
2024-11-10 21:10:53,826 [WARN] DbBoardsPdsc:254 - Board STM32H7B3I-EVAL: unknown feature type=Motor, name=, username=Motor Control, n=1
2024-11-10 21:10:53,827 [WARN] DbBoardsPdsc:254 - Board STM32U575I-EV: unknown feature type=joystick, name=, username=4-direction joystick with selection button, n=1
2024-11-10 21:10:53,853 [INFO] DbBoardsJson:86 - JSON generation date=Tue Nov 16 23:17:54 ICT 2021 (1637079474)
2024-11-10 21:10:53,859 [INFO] DbBoards:117 - Found 167 boards (163 are supported by CubeMX)
2024-11-10 21:10:53,860 [WARN] DbBoards:127 - board B-L475E-IOT01A2 has no document id list !
2024-11-10 21:10:53,860 [WARN] DbBoards:127 - board NUCLEO-H743ZI has no document id list !
2024-11-10 21:10:53,860 [WARN] DbBoards:127 - board NUCLEO-WL55JC2 has no document id list !
2024-11-10 21:10:53,861 [WARN] DbBoards:127 - board P-NUCLEO-WB55-Nucleo has no document id list !
2024-11-10 21:10:53,861 [WARN] DbBoards:127 - board P-NUCLEO-WB55-USBDongle has no document id list !
2024-11-10 21:10:53,861 [WARN] DbBoards:127 - board STEVAL-BFA001V1B has no document id list !
2024-11-10 21:10:53,861 [WARN] DbBoards:127 - board STEVAL-BFA001V2B has no document id list !
2024-11-10 21:10:53,861 [WARN] DbBoards:127 - board STEVAL-IDP005V1 has no document id list !
2024-11-10 21:10:53,861 [WARN] DbBoards:127 - board STEVAL-IDP005V2 has no document id list !
2024-11-10 21:10:53,861 [WARN] DbBoards:127 - board STEVAL-MKSBOX1V1 has no document id list !
2024-11-10 21:10:53,861 [WARN] DbBoards:127 - board STEVAL-STWINKT1 has no document id list !
2024-11-10 21:10:53,861 [WARN] DbBoards:127 - board STEVAL-STWINKT1B has no document id list !
2024-11-10 21:10:53,861 [WARN] DbBoards:127 - board STM32439I-EVAL2 has no document id list !
2024-11-10 21:10:53,861 [WARN] DbBoards:127 - board STM32F401C-DISCO has no document id list !
2024-11-10 21:10:53,862 [WARN] DbBoards:127 - board STM32F769I-DISC1 has no document id list !
2024-11-10 21:10:53,862 [WARN] DbBoards:127 - board STM32G474E-EVAL1 has no document id list !
2024-11-10 21:10:53,862 [WARN] DbBoards:127 - board STM32H743I-EVAL2 has no document id list !
2024-11-10 21:10:53,862 [WARN] DbBoards:127 - board STM32H747I-DISC1 has no document id list !
2024-11-10 21:10:53,862 [WARN] DbBoards:127 - board STM32H753I-EVAL2 has no document id list !
2024-11-10 21:10:53,862 [WARN] DbBoards:127 - board STM32L-DISCOVERY has no document id list !
2024-11-10 21:10:53,948 [ERROR] DbBoards:189 - Image file not found for board B-U585I-IOT02A: C:\ST\STM32CubeIDE_1.7.0\STM32CubeIDE\plugins\com.st.stm32cube.common.mx_6.3.0.202107141111\\db\/plugins/mcufinder/images/boards/B-U585I-IOT02A_small.jpg
2024-11-10 21:10:54,042 [ERROR] DbBoards:189 - Image file not found for board NUCLEO-F413ZH: C:\ST\STM32CubeIDE_1.7.0\STM32CubeIDE\plugins\com.st.stm32cube.common.mx_6.3.0.202107141111\\db\/plugins/mcufinder/images/boards/nucleo-f413zh_small.jpg
2024-11-10 21:10:54,249 [INFO] MainUpdater:2671 - connection check result : 10
2024-11-10 21:10:54,280 [ERROR] DbBoards:189 - Image file not found for board NUCLEO-L552ZE-Q: C:\ST\STM32CubeIDE_1.7.0\STM32CubeIDE\plugins\com.st.stm32cube.common.mx_6.3.0.202107141111\\db\/plugins/mcufinder/images/boards/nucleo_l552ze_q_small.jpg
2024-11-10 21:10:54,280 [ERROR] DbBoards:189 - Image file not found for board NUCLEO-U575ZI-Q: C:\ST\STM32CubeIDE_1.7.0\STM32CubeIDE\plugins\com.st.stm32cube.common.mx_6.3.0.202107141111\\db\/plugins/mcufinder/images/boards/nucleo-u575zi-q_small.jpg
2024-11-10 21:10:54,280 [ERROR] DbBoards:189 - Image file not found for board NUCLEO-WB15CC: C:\ST\STM32CubeIDE_1.7.0\STM32CubeIDE\plugins\com.st.stm32cube.common.mx_6.3.0.202107141111\\db\/plugins/mcufinder/images/boards/nucleo-wb15cc_small.jpg
2024-11-10 21:10:54,281 [ERROR] DbBoards:189 - Image file not found for board NUCLEO-WB55RG: C:\ST\STM32CubeIDE_1.7.0\STM32CubeIDE\plugins\com.st.stm32cube.common.mx_6.3.0.202107141111\\db\/plugins/mcufinder/images/boards/nucleo-wb55rg_small.jpg
2024-11-10 21:10:55,067 [INFO] ApiDb:251 - Load user favorites file C:\Users\ACER/.stm32cubeide/favorites.boards.txt: 0 item(s)
2024-11-10 21:10:55,068 [INFO] ApiDb:255 - User favorites Boards=[]
2024-11-10 21:10:55,068 [INFO] DbBoards:206 - Set 0 / 0 favorites Boards
2024-11-10 21:10:55,081 [INFO] LoadUrlFilesThread:172 - End of LoadServerUrlFiles without Thread
2024-11-10 21:10:55,082 [INFO] TargetSelectorAdapter:224 - Refresh data is successful
2024-11-10 21:10:55,247 [INFO] ApiDb:479 - Connected to CubeFinder SQLite database (C:\Users\ACER\.stmcufinder\plugins\mcufinder\mcu\cube-finder-db.db)
2024-11-10 21:10:56,221 [ERROR] DbExamplesSqlite:446 - Missing JSON key: board_cpn
2024-11-10 21:10:56,222 [ERROR] DbExamplesSqlite:446 - Missing JSON key: board_cpn
2024-11-10 21:10:56,222 [ERROR] DbExamplesSqlite:446 - Missing JSON key: board_cpn
2024-11-10 21:10:56,222 [ERROR] DbExamplesSqlite:446 - Missing JSON key: board_cpn
2024-11-10 21:10:56,320 [ERROR] DbExamplesSqlite:446 - Missing JSON key: board_cpn
2024-11-10 21:10:56,320 [ERROR] DbExamplesSqlite:446 - Missing JSON key: board_cpn
2024-11-10 21:10:56,320 [ERROR] DbExamplesSqlite:446 - Missing JSON key: board_cpn
2024-11-10 21:10:56,321 [ERROR] DbExamplesSqlite:446 - Missing JSON key: board_cpn
2024-11-10 21:10:56,321 [ERROR] DbExamplesSqlite:446 - Missing JSON key: board_cpn
2024-11-10 21:10:56,321 [ERROR] DbExamplesSqlite:446 - Missing JSON key: board_cpn
2024-11-10 21:10:56,321 [ERROR] DbExamplesSqlite:446 - Missing JSON key: board_cpn
2024-11-10 21:10:56,321 [ERROR] DbExamplesSqlite:446 - Missing JSON key: board_cpn
2024-11-10 21:10:56,321 [ERROR] DbExamplesSqlite:446 - Missing JSON key: board_cpn
2024-11-10 21:10:56,322 [INFO] DbExamplesSqlite:411 - Ignored 28 examples not supported by CubeIDE
2024-11-10 21:10:56,323 [INFO] DbExamplesSqlite:412 - Found 8617 examples active
2024-11-10 21:10:56,323 [INFO] DbExamplesSqlite:413 - Found 0 examples obsolete
2024-11-10 21:10:56,323 [INFO] DbExamplesSqlite:414 - Found 0 examples under development
2024-11-10 21:10:56,323 [INFO] DbExamplesSqlite:415 - Found 10 examples not building
2024-11-10 21:10:56,404 [INFO] DbExamplesSqlite:108 - CubeFinder database Data Model version=2.1
2024-11-10 21:10:56,404 [INFO] DbExamplesSqlite:109 - CubeFinder database Configuration version=3.0.39
2024-11-10 21:10:56,404 [INFO] DbExamplesSqlite:110 - CubeFinder database generation date=2024-10-15 (1729006872)
2024-11-10 21:10:56,404 [INFO] DbExamplesSqlite:111 - CubeFinder database FW Pack versions=[FP-ATR-ASTRA1_V2.0.0, FP-SNS-FLIGHT1_V5.0.2, FP-SNS-MOTENV1_V5.0.0, FP-SNS-MOTENVWB1_V1.4.0, FP-SNS-SMARTAG2_V1.2.0, FP-SNS-STBOX1_V2.0.0, STM32Cube_FW_C0_V1.2.0, STM32Cube_FW_F4_V1.28.1, STM32Cube_FW_F7_V1.17.2, STM32Cube_FW_G0_V1.6.2, STM32Cube_FW_G4_V1.6.0, STM32Cube_FW_H5_V1.3.0, STM32Cube_FW_H7RS_V1.1.0, STM32Cube_FW_H7_V1.11.2, STM32Cube_FW_L0_V1.12.2, STM32Cube_FW_L5_V1.5.1, STM32Cube_FW_U0_V1.1.0, STM32Cube_FW_U5_V1.6.0, STM32Cube_FW_WB0_V1.0.0, STM32Cube_FW_WBA_V1.4.1, STM32Cube_FW_WB_V1.20.0, STM32Cube_FW_WL_V1.3.0, X-CUBE-ALGOBUILD_V1.4.0, X-CUBE-ALS_V1.0.2, X-CUBE-AZRTOS-F4_V1.1.0, X-CUBE-AZRTOS-F7_V1.1.0, X-CUBE-AZRTOS-G0_V1.1.0, X-CUBE-AZRTOS-G4_V2.0.0, X-CUBE-AZRTOS-H7RS_V1.0.0, X-CUBE-AZRTOS-H7_V3.3.0, X-CUBE-AZRTOS-L4_V2.0.0, X-CUBE-AZRTOS-L5_V2.0.0, X-CUBE-AZRTOS-WB_V2.0.0, X-CUBE-AZRTOS-WL_V2.0.0, X-CUBE-BLE1_V7.0.0, X-CUBE-BLE2_V3.3.0, X-CUBE-BLEMGR_V3.1.0, X-CUBE-EEPRMA1_V5.1.0, X-CUBE-FREERTOS_V1.2.0, X-CUBE-GNSS1_V6.0.0, X-CUBE-MEMS1_V11.0.0, X-CUBE-NFC4_V3.0.0, X-CUBE-NFC7_V1.0.1, X-CUBE-SFXS2LP1_V4.0.0, X-CUBE-SUBG2_V5.0.0, X-CUBE-TOF1_V3.4.2]
2024-11-10 21:10:56,405 [INFO] DbExamples:130 - Found 8599 examples
2024-11-10 21:10:57,095 [ERROR] DbExamples:206 - Found 8599 examples with invalid data (board or MCU)
2024-11-10 21:10:57,096 [INFO] DbExamples:222 - Found 80 boards with related examples
2024-11-10 21:10:57,096 [INFO] DbExamples:235 - Found 0 MCUs with related examples
2024-11-10 21:10:57,117 [INFO] ApiDb:242 - User favorites file not found: C:\Users\ACER/.stm32cubeide/favorites.examples.txt
2024-11-10 21:10:57,117 [INFO] DbExamples:256 - Set 0 / 0 favorites Examples
2024-11-10 21:10:57,296 [ERROR] LogOutputStream:74 - [STDERR_REDIRECT] java.lang.NullPointerException
2024-11-10 21:10:57,298 [ERROR] LogOutputStream:74 - [STDERR_REDIRECT] 	at com.st.stm32cube.common.projectcreation.ui.wizard.TargetSetupPageAbstract.createControl(TargetSetupPageAbstract.java:131)
2024-11-10 21:10:57,300 [ERROR] LogOutputStream:74 - [STDERR_REDIRECT] 	at org.eclipse.jface.wizard.Wizard.createPageControls(Wizard.java:178)
2024-11-10 21:10:57,302 [ERROR] LogOutputStream:74 - [STDERR_REDIRECT] 	at org.eclipse.jface.wizard.WizardDialog.createPageControls(WizardDialog.java:743)
2024-11-10 21:10:57,303 [ERROR] LogOutputStream:74 - [STDERR_REDIRECT] 	at org.eclipse.jface.wizard.WizardDialog.createContents(WizardDialog.java:635)
2024-11-10 21:10:57,304 [ERROR] LogOutputStream:74 - [STDERR_REDIRECT] 	at org.eclipse.jface.window.Window.create(Window.java:431)
2024-11-10 21:10:57,305 [ERROR] LogOutputStream:74 - [STDERR_REDIRECT] 	at org.eclipse.jface.dialogs.Dialog.create(Dialog.java:1094)
2024-11-10 21:10:57,306 [ERROR] LogOutputStream:74 - [STDERR_REDIRECT] 	at org.eclipse.jface.window.Window.open(Window.java:788)
2024-11-10 21:10:57,308 [ERROR] LogOutputStream:74 - [STDERR_REDIRECT] 	at com.st.stm32cube.ide.mcu.informationcenter.WelcomePageAction.run(WelcomePageAction.java:54)
2024-11-10 21:10:57,311 [ERROR] LogOutputStream:74 - [STDERR_REDIRECT] 	at org.eclipse.ui.internal.intro.impl.model.url.IntroURL.runAction(IntroURL.java:277)
2024-11-10 21:10:57,313 [ERROR] LogOutputStream:74 - [STDERR_REDIRECT] 	at org.eclipse.ui.internal.intro.impl.model.url.IntroURL.doExecute(IntroURL.java:188)
2024-11-10 21:10:57,314 [ERROR] LogOutputStream:74 - [STDERR_REDIRECT] 	at org.eclipse.ui.internal.intro.impl.model.url.IntroURL.lambda$0(IntroURL.java:143)
2024-11-10 21:10:57,316 [ERROR] LogOutputStream:74 - [STDERR_REDIRECT] 	at org.eclipse.swt.custom.BusyIndicator.showWhile(BusyIndicator.java:74)
2024-11-10 21:10:57,318 [ERROR] LogOutputStream:74 - [STDERR_REDIRECT] 	at org.eclipse.ui.internal.intro.impl.model.url.IntroURL.execute(IntroURL.java:143)
2024-11-10 21:10:57,320 [ERROR] LogOutputStream:74 - [STDERR_REDIRECT] 	at org.eclipse.ui.internal.intro.impl.presentations.BrowserIntroPartLocationListener.changing(BrowserIntroPartLocationListener.java:130)
2024-11-10 21:10:57,322 [ERROR] LogOutputStream:74 - [STDERR_REDIRECT] 	at org.eclipse.swt.browser.IE.lambda$6(IE.java:525)
2024-11-10 21:10:57,324 [ERROR] LogOutputStream:74 - [STDERR_REDIRECT] 	at org.eclipse.swt.ole.win32.OleEventTable.sendEvent(OleEventTable.java:58)
2024-11-10 21:10:57,325 [ERROR] LogOutputStream:74 - [STDERR_REDIRECT] 	at org.eclipse.swt.ole.win32.OleEventSink.notifyListener(OleEventSink.java:160)
2024-11-10 21:10:57,327 [ERROR] LogOutputStream:74 - [STDERR_REDIRECT] 	at org.eclipse.swt.ole.win32.OleEventSink.Invoke(OleEventSink.java:128)
2024-11-10 21:10:57,328 [ERROR] LogOutputStream:74 - [STDERR_REDIRECT] 	at org.eclipse.swt.ole.win32.OleEventSink.access$1(OleEventSink.java:105)
2024-11-10 21:10:57,333 [ERROR] LogOutputStream:74 - [STDERR_REDIRECT] 	at org.eclipse.swt.ole.win32.OleEventSink$1.method6(OleEventSink.java:79)
2024-11-10 21:10:57,335 [ERROR] LogOutputStream:74 - [STDERR_REDIRECT] 	at org.eclipse.swt.internal.ole.win32.COMObject.callback6(COMObject.java:120)
2024-11-10 21:10:57,337 [ERROR] LogOutputStream:74 - [STDERR_REDIRECT] 	at org.eclipse.swt.internal.win32.OS.DispatchMessage(Native Method)
2024-11-10 21:10:57,338 [ERROR] LogOutputStream:74 - [STDERR_REDIRECT] 	at org.eclipse.swt.widgets.Display.readAndDispatch(Display.java:3624)
2024-11-10 21:10:57,339 [ERROR] LogOutputStream:74 - [STDERR_REDIRECT] 	at com.st.stm32cube.common.mx.oss.core.awtswtbridge.SwtInputBlocker.open(SwtInputBlocker.java:55)
2024-11-10 21:10:57,341 [ERROR] LogOutputStream:74 - [STDERR_REDIRECT] 	at com.st.stm32cube.common.mx.oss.core.awtswtbridge.SwtInputBlocker.block(SwtInputBlocker.java:111)
2024-11-10 21:10:57,343 [INFO] McuFinderGlobals:52 - Set McuFinderConnectedMode to false
2024-11-10 21:10:57,343 [ERROR] LogOutputStream:74 - [STDERR_REDIRECT] 	at com.st.stm32cube.common.mx.oss.core.awtswtbridge.AwtEnvironment.invokeAwt(AwtEnvironment.java:179)
2024-11-10 21:10:57,345 [ERROR] LogOutputStream:74 - [STDERR_REDIRECT] 	at com.st.stm32cube.common.mx.oss.core.awtswtbridge.AwtEnvironment.invokeAwtAndBlockSwt(AwtEnvironment.java:206)
2024-11-10 21:10:57,347 [ERROR] LogOutputStream:74 - [STDERR_REDIRECT] 	at com.st.stm32cube.common.mx.targetselector.TargetSelectorAdapter.launchMCUFinder(TargetSelectorAdapter.java:198)
2024-11-10 21:10:57,350 [ERROR] LogOutputStream:74 - [STDERR_REDIRECT] 	at com.st.stm32cube.common.mx.targetselector.TargetSelectorAdapter.addTargetSelector(TargetSelectorAdapter.java:149)
2024-11-10 21:10:57,352 [ERROR] LogOutputStream:74 - [STDERR_REDIRECT] 	at com.st.stm32cube.common.projectcreation.ui.wizard.TargetSetupPageAbstract.createControl(TargetSetupPageAbstract.java:127)
2024-11-10 21:10:57,353 [ERROR] LogOutputStream:74 - [STDERR_REDIRECT] 	at org.eclipse.jface.wizard.Wizard.createPageControls(Wizard.java:178)
2024-11-10 21:10:57,355 [ERROR] LogOutputStream:74 - [STDERR_REDIRECT] 	at org.eclipse.jface.wizard.WizardDialog.createPageControls(WizardDialog.java:743)
2024-11-10 21:10:57,358 [ERROR] LogOutputStream:74 - [STDERR_REDIRECT] 	at org.eclipse.jface.wizard.WizardDialog.createContents(WizardDialog.java:635)
2024-11-10 21:10:57,358 [ERROR] LogOutputStream:74 - [STDERR_REDIRECT] 	at org.eclipse.jface.window.Window.create(Window.java:431)
2024-11-10 21:10:57,360 [ERROR] LogOutputStream:74 - [STDERR_REDIRECT] 	at org.eclipse.jface.dialogs.Dialog.create(Dialog.java:1094)
2024-11-10 21:10:57,361 [ERROR] LogOutputStream:74 - [STDERR_REDIRECT] 	at org.eclipse.jface.window.Window.open(Window.java:788)
2024-11-10 21:10:57,365 [ERROR] LogOutputStream:74 - [STDERR_REDIRECT] 	at com.st.stm32cube.ide.mcu.informationcenter.WelcomePageAction.run(WelcomePageAction.java:54)
2024-11-10 21:10:57,368 [ERROR] LogOutputStream:74 - [STDERR_REDIRECT] 	at org.eclipse.ui.internal.intro.impl.model.url.IntroURL.runAction(IntroURL.java:277)
2024-11-10 21:10:57,370 [ERROR] LogOutputStream:74 - [STDERR_REDIRECT] 	at org.eclipse.ui.internal.intro.impl.model.url.IntroURL.doExecute(IntroURL.java:188)
2024-11-10 21:10:57,370 [ERROR] LogOutputStream:74 - [STDERR_REDIRECT] 	at org.eclipse.ui.internal.intro.impl.model.url.IntroURL.lambda$0(IntroURL.java:143)
2024-11-10 21:10:57,372 [ERROR] LogOutputStream:74 - [STDERR_REDIRECT] 	at org.eclipse.swt.custom.BusyIndicator.showWhile(BusyIndicator.java:74)
2024-11-10 21:10:57,376 [ERROR] LogOutputStream:74 - [STDERR_REDIRECT] 	at org.eclipse.ui.internal.intro.impl.model.url.IntroURL.execute(IntroURL.java:143)
2024-11-10 21:10:57,378 [ERROR] LogOutputStream:74 - [STDERR_REDIRECT] 	at org.eclipse.ui.internal.intro.impl.presentations.BrowserIntroPartLocationListener.changing(BrowserIntroPartLocationListener.java:130)
2024-11-10 21:10:57,381 [ERROR] LogOutputStream:74 - [STDERR_REDIRECT] 	at org.eclipse.swt.browser.IE.lambda$6(IE.java:525)
2024-11-10 21:10:57,383 [ERROR] LogOutputStream:74 - [STDERR_REDIRECT] 	at org.eclipse.swt.ole.win32.OleEventTable.sendEvent(OleEventTable.java:58)
2024-11-10 21:10:57,385 [ERROR] LogOutputStream:74 - [STDERR_REDIRECT] 	at org.eclipse.swt.ole.win32.OleEventSink.notifyListener(OleEventSink.java:160)
2024-11-10 21:10:57,387 [ERROR] LogOutputStream:74 - [STDERR_REDIRECT] 	at org.eclipse.swt.ole.win32.OleEventSink.Invoke(OleEventSink.java:128)
2024-11-10 21:10:57,388 [ERROR] LogOutputStream:74 - [STDERR_REDIRECT] 	at org.eclipse.swt.ole.win32.OleEventSink.access$1(OleEventSink.java:105)
2024-11-10 21:10:57,389 [ERROR] LogOutputStream:74 - [STDERR_REDIRECT] 	at org.eclipse.swt.ole.win32.OleEventSink$1.method6(OleEventSink.java:79)
2024-11-10 21:10:57,391 [ERROR] LogOutputStream:74 - [STDERR_REDIRECT] 	at org.eclipse.swt.internal.ole.win32.COMObject.callback6(COMObject.java:120)
2024-11-10 21:10:57,392 [ERROR] LogOutputStream:74 - [STDERR_REDIRECT] 	at org.eclipse.swt.internal.win32.OS.DispatchMessage(Native Method)
2024-11-10 21:10:57,394 [ERROR] LogOutputStream:74 - [STDERR_REDIRECT] 	at org.eclipse.swt.widgets.Display.readAndDispatch(Display.java:3624)
2024-11-10 21:10:57,396 [ERROR] LogOutputStream:74 - [STDERR_REDIRECT] 	at org.eclipse.e4.ui.internal.workbench.swt.PartRenderingEngine$5.run(PartRenderingEngine.java:1157)
2024-11-10 21:10:57,397 [ERROR] LogOutputStream:74 - [STDERR_REDIRECT] 	at org.eclipse.core.databinding.observable.Realm.runWithDefault(Realm.java:338)
2024-11-10 21:10:57,398 [ERROR] LogOutputStream:74 - [STDERR_REDIRECT] 	at org.eclipse.e4.ui.internal.workbench.swt.PartRenderingEngine.run(PartRenderingEngine.java:1046)
2024-11-10 21:10:57,399 [ERROR] LogOutputStream:74 - [STDERR_REDIRECT] 	at org.eclipse.e4.ui.internal.workbench.E4Workbench.createAndRunUI(E4Workbench.java:155)
2024-11-10 21:10:57,400 [ERROR] LogOutputStream:74 - [STDERR_REDIRECT] 	at org.eclipse.ui.internal.Workbench.lambda$3(Workbench.java:644)
2024-11-10 21:10:57,402 [ERROR] LogOutputStream:74 - [STDERR_REDIRECT] 	at org.eclipse.core.databinding.observable.Realm.runWithDefault(Realm.java:338)
2024-11-10 21:10:57,403 [ERROR] LogOutputStream:74 - [STDERR_REDIRECT] 	at org.eclipse.ui.internal.Workbench.createAndRunWorkbench(Workbench.java:551)
2024-11-10 21:10:57,404 [ERROR] LogOutputStream:74 - [STDERR_REDIRECT] 	at org.eclipse.ui.PlatformUI.createAndRunWorkbench(PlatformUI.java:156)
2024-11-10 21:10:57,406 [ERROR] LogOutputStream:74 - [STDERR_REDIRECT] 	at org.eclipse.ui.internal.ide.application.IDEApplication.start(IDEApplication.java:152)
2024-11-10 21:10:57,407 [ERROR] LogOutputStream:74 - [STDERR_REDIRECT] 	at org.eclipse.equinox.internal.app.EclipseAppHandle.run(EclipseAppHandle.java:203)
2024-11-10 21:10:57,408 [ERROR] LogOutputStream:74 - [STDERR_REDIRECT] 	at org.eclipse.core.runtime.internal.adaptor.EclipseAppLauncher.runApplication(EclipseAppLauncher.java:134)
2024-11-10 21:10:57,410 [ERROR] LogOutputStream:74 - [STDERR_REDIRECT] 	at org.eclipse.core.runtime.internal.adaptor.EclipseAppLauncher.start(EclipseAppLauncher.java:104)
2024-11-10 21:10:57,412 [ERROR] LogOutputStream:74 - [STDERR_REDIRECT] 	at org.eclipse.core.runtime.adaptor.EclipseStarter.run(EclipseStarter.java:401)
2024-11-10 21:10:57,413 [ERROR] LogOutputStream:74 - [STDERR_REDIRECT] 	at org.eclipse.core.runtime.adaptor.EclipseStarter.run(EclipseStarter.java:255)
2024-11-10 21:10:57,414 [ERROR] LogOutputStream:74 - [STDERR_REDIRECT] 	at java.base/jdk.internal.reflect.NativeMethodAccessorImpl.invoke0(Native Method)
2024-11-10 21:10:57,415 [ERROR] LogOutputStream:74 - [STDERR_REDIRECT] 	at java.base/jdk.internal.reflect.NativeMethodAccessorImpl.invoke(NativeMethodAccessorImpl.java:62)
2024-11-10 21:10:57,417 [ERROR] LogOutputStream:74 - [STDERR_REDIRECT] 	at java.base/jdk.internal.reflect.DelegatingMethodAccessorImpl.invoke(DelegatingMethodAccessorImpl.java:43)
2024-11-10 21:10:57,418 [ERROR] LogOutputStream:74 - [STDERR_REDIRECT] 	at java.base/java.lang.reflect.Method.invoke(Method.java:566)
2024-11-10 21:10:57,418 [ERROR] LogOutputStream:74 - [STDERR_REDIRECT] 	at org.eclipse.equinox.launcher.Main.invokeFramework(Main.java:653)
2024-11-10 21:10:57,420 [ERROR] LogOutputStream:74 - [STDERR_REDIRECT] 	at org.eclipse.equinox.launcher.Main.basicRun(Main.java:590)
2024-11-10 21:10:57,421 [ERROR] LogOutputStream:74 - [STDERR_REDIRECT] 	at org.eclipse.equinox.launcher.Main.run(Main.java:1461)
2024-11-10 21:10:57,508 [INFO] CrossSelectorPresenter:1330 - Cross Selector saved comparison directory: C:\Users\ACER\.stmcufinder\plugins\mcufinder\mcu\cs_comparisons_mx
2024-11-10 21:10:57,513 [INFO] MultiScanPanel:197 - Auto-refresh data requested => check proxy status ongoing
2024-11-10 21:10:57,514 [INFO] MultiScanPanel:201 - Proxy status is invalid
2024-11-10 21:10:57,516 [INFO] FinderPluginLoader:87 - Searching for filters in installed packs
2024-11-10 21:10:58,075 [INFO] DetailPanel:309 - Set advertising image to C:/Users/ACER/STM32Cube/Repository/\en.prom-stm32c071-usb-memories-mcu-finder.png
2024-11-10 21:10:58,973 [INFO] McuFinderGlobals:52 - Set McuFinderConnectedMode to false
2024-11-10 21:10:58,987 [INFO] CrossSelectorPresenter:1330 - Cross Selector saved comparison directory: C:\Users\ACER\.stmcufinder\plugins\mcufinder\mcu\cs_comparisons_mx
2024-11-10 21:10:58,989 [INFO] MultiScanPanel:197 - Auto-refresh data requested => check proxy status ongoing
2024-11-10 21:10:58,989 [INFO] MultiScanPanel:201 - Proxy status is invalid
2024-11-10 21:10:58,989 [INFO] FinderPluginLoader:87 - Searching for filters in installed packs
2024-11-10 21:10:59,328 [INFO] DetailPanel:309 - Set advertising image to C:/Users/ACER/STM32Cube/Repository/\en.prom-stm32c071-usb-memories-mcu-finder.png
2024-11-10 21:11:17,379 [INFO] MainUpdater:2671 - connection check result : 10
2024-11-10 21:11:17,380 [INFO] MainUpdater:2671 - connection check result : 10
2024-11-10 21:11:17,460 [INFO] MicroXplorer:448 - Change Database Path : 
2024-11-10 21:11:17,461 [INFO] MicroXplorer:478 - Change Database Version : DB.6.0.30
2024-11-10 21:11:17,461 [WARN] ThirdParty:813 - waiting for thirdparty lock release [close project]
2024-11-10 21:11:17,461 [INFO] ThirdParty:815 - entering critical section [close project]
2024-11-10 21:11:17,462 [INFO] ThirdParty:825 - exiting critical section [close project]
2024-11-10 21:11:17,467 [INFO] PinOutPanel:1463 - setPackage(No Configuration,No Configuration)
2024-11-10 21:11:17,468 [INFO] UtilMem:74 - Begin LoadConfig() Used Memory: 572515760 Bytes (694157312)
2024-11-10 21:11:17,469 [INFO] MicroXplorer:448 - Change Database Path : 
2024-11-10 21:11:17,469 [INFO] MicroXplorer:478 - Change Database Version : DB.6.0.30
2024-11-10 21:11:17,470 [INFO] OpenFileManager:313 - Change cursor
2024-11-10 21:11:18,761 [INFO] Context:592 - Trying to add GPIOservice into a context  which must be forbidden
2024-11-10 21:11:19,013 [INFO] ImportTextPane:167 - (OptionalMessage_ERROR) Unable to find key (Mcu.ThirdPartyNb) in loaded IOC file
2024-11-10 21:11:19,013 [INFO] ImportTextPane:167 - (OptionalMessage_ERROR) Unable to find key (Mcu.PinsNb) in loaded IOC file
2024-11-10 21:11:19,013 [INFO] ImportTextPane:167 - (OptionalMessage_ERROR) Unable to find key (Mcu.IPNb) in loaded IOC file
2024-11-10 21:11:19,099 [WARN] ApiManager:304 - Cannot register API 'Board Extension:NFC09A1' from pack STMicroelectronics.X-CUBE-NFC9.1.0.0: no header file found
2024-11-10 21:11:19,123 [WARN] ApiManager:304 - Cannot register API 'Board Extension:GNSS1A1' from pack STMicroelectronics.X-CUBE-GNSS1.6.0.0: no header file found
2024-11-10 21:11:19,124 [WARN] ApiManager:304 - Cannot register API 'Board Support:Custom' from pack STMicroelectronics.X-CUBE-GNSS1.6.0.0: no header file found
2024-11-10 21:11:19,124 [WARN] ApiManager:304 - Cannot register API 'Data Exchange:lib_gnss' from pack STMicroelectronics.X-CUBE-GNSS1.6.0.0: no header file found
2024-11-10 21:11:19,129 [WARN] ApiManager:304 - Cannot register API 'Wireless:STM32WB05N' from pack STMicroelectronics.X-CUBE-WB05N.1.1.0: no header file found
2024-11-10 21:11:19,133 [WARN] ApiManager:304 - Cannot register API 'Board Extension:GNSS1A1' from pack STMicroelectronics.X-CUBE-GNSS1.7.0.0: no header file found
2024-11-10 21:11:19,134 [WARN] ApiManager:304 - Cannot register API 'Board Support:Custom' from pack STMicroelectronics.X-CUBE-GNSS1.7.0.0: no header file found
2024-11-10 21:11:19,134 [WARN] ApiManager:304 - Cannot register API 'Data Exchange:lib_gnss' from pack STMicroelectronics.X-CUBE-GNSS1.7.0.0: no header file found
2024-11-10 21:11:19,145 [WARN] ApiManager:304 - Cannot register API 'Board Extension:NFC06A1' from pack STMicroelectronics.X-CUBE-NFC6.3.1.0: no header file found
2024-11-10 21:11:19,146 [WARN] ApiManager:304 - Cannot register API 'Board Extension:NFC08A1' from pack STMicroelectronics.X-CUBE-NFC6.3.1.0: no header file found
2024-11-10 21:11:19,334 [WARN] ApiManager:304 - Cannot register API 'Board Extension:IKS01A3' from pack STMicroelectronics.X-CUBE-MEMS1.11.0.0: no header file found
2024-11-10 21:11:19,334 [WARN] ApiManager:304 - Cannot register API 'Board Extension:IKS02A1' from pack STMicroelectronics.X-CUBE-MEMS1.11.0.0: no header file found
2024-11-10 21:11:19,335 [WARN] ApiManager:304 - Cannot register API 'Board Extension:IKS4A1' from pack STMicroelectronics.X-CUBE-MEMS1.11.0.0: no header file found
2024-11-10 21:11:19,341 [INFO] RtosManager:484 - Registered RTOS mode: class=CMSIS, group=RTOS, mode=CMSIS_V1, owner=FREERTOS
2024-11-10 21:11:19,343 [INFO] RtosManager:484 - Registered RTOS mode: class=CMSIS, group=RTOS2, mode=CMSIS_V2, owner=FREERTOS
2024-11-10 21:11:19,343 [INFO] RtosManager:484 - Registered RTOS mode: class=RTOS, group=Core, mode=CMSIS_V1, owner=FREERTOS
2024-11-10 21:11:19,343 [INFO] RtosManager:484 - Registered RTOS mode: class=RTOS, group=Core, mode=CMSIS_V2, owner=FREERTOS
2024-11-10 21:11:19,343 [WARN] ModelIntegratedComponent:181 - Missing modes for component STMicroelectronics:FreeRTOS:0.0.1:STMicroelectronics:RTOS:FreeRTOS:Core:::10.2.0:
2024-11-10 21:11:19,344 [WARN] ApiManager:304 - Cannot register API 'Board Extension:STSAFEA1' from pack STMicroelectronics.X-CUBE-SAFEA1.1.2.2: no header file found
2024-11-10 21:11:19,344 [WARN] ApiManager:304 - Cannot register API 'Board Part:STSAFEA110' from pack STMicroelectronics.X-CUBE-SAFEA1.1.2.2: no header file found
2024-11-10 21:11:19,344 [WARN] ApiManager:304 - Cannot register API 'Security:ST_Cryptolib' from pack STMicroelectronics.X-CUBE-SAFEA1.1.2.2: no header file found
2024-11-10 21:11:19,344 [WARN] ApiManager:304 - Cannot register API 'Security:MbedTLS' from pack STMicroelectronics.X-CUBE-SAFEA1.1.2.2: no header file found
2024-11-10 21:11:19,345 [WARN] ApiManager:304 - Cannot register API 'Board Extension:NFC04A1' from pack STMicroelectronics.X-CUBE-NFC4.3.0.0: no header file found
2024-11-10 21:11:19,348 [WARN] ApiManager:304 - Cannot register API 'Board Extension:S2868A1' from pack STMicroelectronics.X-CUBE-SUBG2.5.0.0: no header file found
2024-11-10 21:11:19,348 [WARN] ApiManager:304 - Cannot register API 'Board Extension:S2868A2' from pack STMicroelectronics.X-CUBE-SUBG2.5.0.0: no header file found
2024-11-10 21:11:19,348 [WARN] ApiManager:304 - Cannot register API 'Board Extension:S2915A1' from pack STMicroelectronics.X-CUBE-SUBG2.5.0.0: no header file found
2024-11-10 21:11:19,350 [WARN] ApiManager:304 - Cannot register API 'Wireless:BlueNRG-MS' from pack STMicroelectronics.X-CUBE-BLE1.7.0.0: no header file found
2024-11-10 21:11:19,351 [WARN] ApiManager:304 - Cannot register API 'Board Extension:NFC10A1' from pack STMicroelectronics.X-CUBE-NFC10.1.0.0: no header file found
2024-11-10 21:11:19,352 [WARN] ApiManager:304 - Cannot register API 'Board Extension:EEPRMA2' from pack STMicroelectronics.X-CUBE-EEPRMA1.5.1.0: no header file found
2024-11-10 21:11:19,352 [WARN] ApiManager:304 - Cannot register API 'Board Extension:PGEEZ1' from pack STMicroelectronics.X-CUBE-EEPRMA1.5.1.0: no header file found
2024-11-10 21:11:19,352 [WARN] ApiManager:304 - Cannot register API 'Board Extension:EEICA1' from pack STMicroelectronics.X-CUBE-EEPRMA1.5.1.0: no header file found
2024-11-10 21:11:19,352 [WARN] ApiManager:304 - Cannot register API 'Board Part:M24' from pack STMicroelectronics.X-CUBE-EEPRMA1.5.1.0: no header file found
2024-11-10 21:11:19,352 [WARN] ApiManager:304 - Cannot register API 'Board Part:M95' from pack STMicroelectronics.X-CUBE-EEPRMA1.5.1.0: no header file found
2024-11-10 21:11:19,352 [WARN] ApiManager:304 - Cannot register API 'Board Part:M95P32' from pack STMicroelectronics.X-CUBE-EEPRMA1.5.1.0: no header file found
2024-11-10 21:11:19,352 [WARN] ApiManager:304 - Cannot register API 'Board Part:M24256E-F' from pack STMicroelectronics.X-CUBE-EEPRMA1.5.1.0: no header file found
2024-11-10 21:11:19,352 [WARN] ApiManager:304 - Cannot register API 'Board Part:M24M01E-F' from pack STMicroelectronics.X-CUBE-EEPRMA1.5.1.0: no header file found
2024-11-10 21:11:19,352 [WARN] ApiManager:304 - Cannot register API 'PGEEZ1:SPI' from pack STMicroelectronics.X-CUBE-EEPRMA1.5.1.0: no header file found
2024-11-10 21:11:19,353 [WARN] ApiManager:304 - Cannot register API 'PGEEZ1:QDSPI' from pack STMicroelectronics.X-CUBE-EEPRMA1.5.1.0: no header file found
2024-11-10 21:11:19,354 [WARN] ModelIntegratedComponent:60 - No mode defined for component null
2024-11-10 21:11:19,354 [WARN] ModelIntegratedComponent:60 - No mode defined for component null
2024-11-10 21:11:19,354 [WARN] ModelIntegratedComponent:60 - No mode defined for component null
2024-11-10 21:11:19,354 [WARN] ModelIntegratedComponent:60 - No mode defined for component null
2024-11-10 21:11:19,354 [WARN] ModelIntegratedComponent:60 - No mode defined for component null
2024-11-10 21:11:19,355 [WARN] ModelIntegratedComponent:60 - No mode defined for component null
2024-11-10 21:11:19,355 [WARN] ModelIntegratedComponent:60 - No mode defined for component null
2024-11-10 21:11:19,355 [WARN] ModelIntegratedComponent:60 - No mode defined for component null
2024-11-10 21:11:19,355 [WARN] ModelIntegratedComponent:60 - No mode defined for component null
2024-11-10 21:11:19,355 [WARN] ModelIntegratedComponent:60 - No mode defined for component null
2024-11-10 21:11:19,355 [WARN] ModelIntegratedComponent:60 - No mode defined for component null
2024-11-10 21:11:19,356 [WARN] ModelIntegratedComponent:60 - No mode defined for component null
2024-11-10 21:11:19,356 [WARN] ModelIntegratedComponent:60 - No mode defined for component null
2024-11-10 21:11:19,356 [WARN] ModelIntegratedComponent:60 - No mode defined for component null
2024-11-10 21:11:19,356 [WARN] ModelIntegratedComponent:60 - No mode defined for component null
2024-11-10 21:11:19,356 [WARN] ModelIntegratedComponent:60 - No mode defined for component null
2024-11-10 21:11:19,356 [WARN] ModelIntegratedComponent:60 - No mode defined for component null
2024-11-10 21:11:19,356 [WARN] ModelIntegratedComponent:60 - No mode defined for component null
2024-11-10 21:11:19,356 [WARN] ModelIntegratedComponent:60 - No mode defined for component null
2024-11-10 21:11:19,356 [WARN] ModelIntegratedComponent:60 - No mode defined for component null
2024-11-10 21:11:19,356 [WARN] ModelIntegratedComponent:60 - No mode defined for component null
2024-11-10 21:11:19,356 [WARN] ModelIntegratedComponent:60 - No mode defined for component null
2024-11-10 21:11:19,356 [WARN] ModelIntegratedComponent:60 - No mode defined for component null
2024-11-10 21:11:19,356 [WARN] ModelIntegratedComponent:60 - No mode defined for component null
2024-11-10 21:11:19,356 [WARN] ModelIntegratedComponent:60 - No mode defined for component null
2024-11-10 21:11:19,356 [WARN] ModelIntegratedComponent:60 - No mode defined for component null
2024-11-10 21:11:19,356 [WARN] ModelIntegratedComponent:60 - No mode defined for component null
2024-11-10 21:11:19,356 [WARN] ModelIntegratedComponent:60 - No mode defined for component null
2024-11-10 21:11:19,356 [WARN] ModelIntegratedComponent:60 - No mode defined for component null
2024-11-10 21:11:19,356 [WARN] ModelIntegratedComponent:60 - No mode defined for component null
2024-11-10 21:11:19,356 [WARN] ModelIntegratedComponent:60 - No mode defined for component null
2024-11-10 21:11:19,358 [WARN] ApiManager:304 - Cannot register API 'Board Extension:NFC07A1' from pack STMicroelectronics.X-CUBE-NFC7.1.0.1: no header file found
2024-11-10 21:11:19,370 [WARN] ApiManager:304 - Cannot register API 'Board Extension:S2868A1' from pack STMicroelectronics.X-CUBE-SFXS2LP1.4.0.0: no header file found
2024-11-10 21:11:19,370 [WARN] ApiManager:304 - Cannot register API 'Board Extension:S2868A2' from pack STMicroelectronics.X-CUBE-SFXS2LP1.4.0.0: no header file found
2024-11-10 21:11:19,370 [WARN] ApiManager:304 - Cannot register API 'Board Extension:S2915A1' from pack STMicroelectronics.X-CUBE-SFXS2LP1.4.0.0: no header file found
2024-11-10 21:11:19,370 [WARN] ApiManager:304 - Cannot register API 'Wireless:BlueNRG-2' from pack STMicroelectronics.X-CUBE-BLE2.3.3.0: no header file found
2024-11-10 21:11:21,258 [INFO] UtilMem:74 - End LoadConfig() Used Memory: 606114144 Bytes (694157312)
2024-11-10 21:11:21,272 [WARN] ThirdParty:779 - waiting for thirdparty lock release [change project]
2024-11-10 21:11:21,273 [INFO] ThirdParty:781 - entering critical section [change project]
2024-11-10 21:11:21,273 [INFO] ThirdParty:967 - CMSIS Pack Vendor :STMicroelectronics X-CUBE-AZRTOS-H7 3.3.0
2024-11-10 21:11:21,273 [INFO] ThirdParty:967 - CMSIS Pack Vendor :STMicroelectronics X-CUBE-NFC9 1.0.0
2024-11-10 21:11:21,273 [INFO] ThirdParty:967 - CMSIS Pack Vendor :STMicroelectronics X-CUBE-GNSS1 6.0.0
2024-11-10 21:11:21,273 [INFO] ThirdParty:967 - CMSIS Pack Vendor :STMicroelectronics USB_HOST 2.0.0
2024-11-10 21:11:21,273 [INFO] ThirdParty:967 - CMSIS Pack Vendor :STMicroelectronics X-CUBE-AZRTOS-F4 1.1.0
2024-11-10 21:11:21,273 [INFO] ThirdParty:967 - CMSIS Pack Vendor :STMicroelectronics X-CUBE-WB05N 1.1.0
2024-11-10 21:11:21,273 [INFO] ThirdParty:967 - CMSIS Pack Vendor :STMicroelectronics USB_DEVICE 3.0.0
2024-11-10 21:11:21,273 [INFO] ThirdParty:967 - CMSIS Pack Vendor :STMicroelectronics X-CUBE-ISPU 2.1.0
2024-11-10 21:11:21,274 [INFO] ThirdParty:967 - CMSIS Pack Vendor :STMicroelectronics X-CUBE-AZRTOS-WB 2.0.0
2024-11-10 21:11:21,274 [INFO] ThirdParty:967 - CMSIS Pack Vendor :STMicroelectronics X-CUBE-GNSS1 7.0.0
2024-11-10 21:11:21,274 [INFO] ThirdParty:967 - CMSIS Pack Vendor :STMicroelectronics X-CUBE-AZRTOS-F7 1.1.0
2024-11-10 21:11:21,274 [INFO] ThirdParty:967 - CMSIS Pack Vendor :STMicroelectronics X-CUBE-AZRTOS-L5 2.0.0
2024-11-10 21:11:21,274 [INFO] ThirdParty:967 - CMSIS Pack Vendor :STMicroelectronics USB_DEVICE 2.0.0
2024-11-10 21:11:21,274 [INFO] ThirdParty:967 - CMSIS Pack Vendor :STMicroelectronics X-CUBE-NFC6 3.1.0
2024-11-10 21:11:21,274 [INFO] ThirdParty:967 - CMSIS Pack Vendor :STMicroelectronics X-CUBE-MEMS1 11.0.0
2024-11-10 21:11:21,274 [INFO] ThirdParty:967 - CMSIS Pack Vendor :STMicroelectronics FreeRTOS 0.0.1
2024-11-10 21:11:21,274 [INFO] ThirdParty:967 - CMSIS Pack Vendor :STMicroelectronics X-CUBE-AZRTOS-G0 1.1.0
2024-11-10 21:11:21,274 [INFO] ThirdParty:967 - CMSIS Pack Vendor :STMicroelectronics X-CUBE-SAFEA1 1.2.2
2024-11-10 21:11:21,274 [INFO] ThirdParty:967 - CMSIS Pack Vendor :STMicroelectronics X-CUBE-NFC4 3.0.0
2024-11-10 21:11:21,274 [INFO] ThirdParty:967 - CMSIS Pack Vendor :STMicroelectronics X-CUBE-SUBG2 5.0.0
2024-11-10 21:11:21,274 [INFO] ThirdParty:967 - CMSIS Pack Vendor :STMicroelectronics lwIP 2.0.3
2024-11-10 21:11:21,274 [INFO] ThirdParty:967 - CMSIS Pack Vendor :STMicroelectronics USB_HOST 1.0.0
2024-11-10 21:11:21,274 [INFO] ThirdParty:967 - CMSIS Pack Vendor :STMicroelectronics X-CUBE-AI 9.0.0
2024-11-10 21:11:21,276 [INFO] ThirdParty:967 - CMSIS Pack Vendor :STMicroelectronics X-CUBE-AZRTOS-G4 2.0.0
2024-11-10 21:11:21,276 [INFO] ThirdParty:967 - CMSIS Pack Vendor :STMicroelectronics PDM2PCM 3.1.0
2024-11-10 21:11:21,276 [INFO] ThirdParty:967 - CMSIS Pack Vendor :STMicroelectronics PDM2PCM 3.3.0
2024-11-10 21:11:21,276 [INFO] ThirdParty:967 - CMSIS Pack Vendor :STMicroelectronics X-CUBE-BLE1 7.0.0
2024-11-10 21:11:21,276 [INFO] ThirdParty:967 - CMSIS Pack Vendor :STMicroelectronics FP-ATR-SIGFOX1 3.2.0
2024-11-10 21:11:21,276 [INFO] ThirdParty:967 - CMSIS Pack Vendor :STMicroelectronics X-CUBE-NFC10 1.0.0
2024-11-10 21:11:21,276 [INFO] ThirdParty:967 - CMSIS Pack Vendor :wolfSSL I-CUBE-wolfSSL 5.7.2
2024-11-10 21:11:21,276 [INFO] ThirdParty:967 - CMSIS Pack Vendor :STMicroelectronics X-CUBE-ISPU 2.0.0
2024-11-10 21:11:21,276 [INFO] ThirdParty:967 - CMSIS Pack Vendor :STMicroelectronics X-CUBE-EEPRMA1 5.1.0
2024-11-10 21:11:21,276 [INFO] ThirdParty:967 - CMSIS Pack Vendor :STMicroelectronics HAL Drivers 0.0.0
2024-11-10 21:11:21,276 [INFO] ThirdParty:967 - CMSIS Pack Vendor :STMicroelectronics MBEDTLS 2.16.2
2024-11-10 21:11:21,277 [INFO] ThirdParty:967 - CMSIS Pack Vendor :STMicroelectronics X-CUBE-NFC7 1.0.1
2024-11-10 21:11:21,277 [INFO] ThirdParty:967 - CMSIS Pack Vendor :STMicroelectronics MBEDTLS 2.14.1
2024-11-10 21:11:21,277 [INFO] ThirdParty:967 - CMSIS Pack Vendor :STMicroelectronics X-CUBE-TOUCHGFX 4.24.0
2024-11-10 21:11:21,277 [INFO] ThirdParty:967 - CMSIS Pack Vendor :STMicroelectronics X-CUBE-TOUCHGFX 4.24.1
2024-11-10 21:11:21,277 [INFO] ThirdParty:967 - CMSIS Pack Vendor :wolfSSL I-CUBE-wolfTPM 3.4.0
2024-11-10 21:11:21,277 [INFO] ThirdParty:967 - CMSIS Pack Vendor :portGmbH I-Cube-SoM-uGOAL 1.1.0
2024-11-10 21:11:21,277 [INFO] ThirdParty:967 - CMSIS Pack Vendor :STMicroelectronics X-CUBE-AZRTOS-WL 2.0.0
2024-11-10 21:11:21,277 [INFO] ThirdParty:967 - CMSIS Pack Vendor :SEGGER I-CUBE-embOS 1.3.1
2024-11-10 21:11:21,277 [INFO] ThirdParty:967 - CMSIS Pack Vendor :STMicroelectronics X-CUBE-ALGOBUILD 1.4.0
2024-11-10 21:11:21,278 [INFO] ThirdParty:967 - CMSIS Pack Vendor :STMicroelectronics USB_DEVICE 1.0.0
2024-11-10 21:11:21,278 [INFO] ThirdParty:967 - CMSIS Pack Vendor :STMicroelectronics X-CUBE-AZRTOS-H7RS 1.0.0
2024-11-10 21:11:21,278 [INFO] ThirdParty:967 - CMSIS Pack Vendor :wolfSSL I-CUBE-wolfMQTT 1.19.0
2024-11-10 21:11:21,278 [INFO] ThirdParty:967 - CMSIS Pack Vendor :STMicroelectronics X-CUBE-AZRTOS-L4 2.0.0
2024-11-10 21:11:21,278 [INFO] ThirdParty:967 - CMSIS Pack Vendor :STMicroelectronics ThreadX 0.0.2
2024-11-10 21:11:21,278 [INFO] ThirdParty:967 - CMSIS Pack Vendor :WES I-CUBE-Cesium 1.3.0
2024-11-10 21:11:21,278 [INFO] ThirdParty:967 - CMSIS Pack Vendor :STMicroelectronics FP-ATR-ASTRA1 2.0.0
2024-11-10 21:11:21,278 [INFO] ThirdParty:967 - CMSIS Pack Vendor :STMicroelectronics lwIP 2.1.2
2024-11-10 21:11:21,278 [INFO] ThirdParty:967 - CMSIS Pack Vendor :STMicroelectronics X-CUBE-SFXS2LP1 4.0.0
2024-11-10 21:11:21,278 [INFO] ThirdParty:967 - CMSIS Pack Vendor :STMicroelectronics X-CUBE-BLE2 3.3.0
2024-11-10 21:11:21,278 [INFO] ThirdParty:967 - CMSIS Pack Vendor :STMicroelectronics X-CUBE-AI 9.1.0
2024-11-10 21:11:21,278 [INFO] ThirdParty:967 - CMSIS Pack Vendor :STMicroelectronics PDM2PCM 3.2.0
2024-11-10 21:11:21,278 [INFO] ThirdParty:967 - CMSIS Pack Vendor :wolfSSL I-CUBE-wolfSSH 1.4.17
2024-11-10 21:11:21,278 [INFO] ThirdParty:787 - exiting critical section [change project]
2024-11-10 21:11:21,520 [INFO] PinOutPanel:1463 - setPackage(No Configuration,No Configuration)
2024-11-10 21:11:21,521 [INFO] PinOutPanel:1463 - setPackage(STM32F103C6Ux,UFQFPN48)
2024-11-10 21:11:21,827 [INFO] UtilMem:74 - Before build in PCC Used Memory: 561696816 Bytes (694157312)
2024-11-10 21:11:22,441 [INFO] UtilMem:74 - After build in PCC Used Memory: 585061912 Bytes (694157312)
2024-11-10 21:11:22,462 [INFO] IPUIPlugin:74 - create IPUIPlugin
2024-11-10 21:11:22,463 [INFO] IPUIPlugin:74 - create IPUIPlugin
2024-11-10 21:11:22,463 [INFO] IPUIPlugin:74 - create IPUIPlugin
2024-11-10 21:11:22,463 [INFO] IPUIPlugin:74 - create IPUIPlugin
2024-11-10 21:11:22,463 [INFO] IPUIPlugin:74 - create IPUIPlugin
2024-11-10 21:11:22,463 [INFO] IPUIPlugin:74 - create IPUIPlugin
2024-11-10 21:11:22,463 [INFO] IPUIPlugin:74 - create IPUIPlugin
2024-11-10 21:11:22,463 [INFO] IPUIPlugin:74 - create IPUIPlugin
2024-11-10 21:11:22,464 [INFO] IPUIPlugin:74 - create IPUIPlugin
2024-11-10 21:11:22,464 [INFO] IPUIPlugin:74 - create IPUIPlugin
2024-11-10 21:11:22,464 [INFO] IPUIPlugin:74 - create IPUIPlugin
2024-11-10 21:11:22,464 [INFO] IPUIPlugin:74 - create IPUIPlugin
2024-11-10 21:11:22,464 [INFO] IPUIPlugin:74 - create IPUIPlugin
2024-11-10 21:11:22,464 [INFO] IPUIPlugin:74 - create IPUIPlugin
2024-11-10 21:11:22,465 [INFO] IPUIPlugin:74 - create IPUIPlugin
2024-11-10 21:11:22,465 [INFO] IPUIPlugin:74 - create IPUIPlugin
2024-11-10 21:11:22,465 [INFO] IPUIPlugin:74 - create IPUIPlugin
2024-11-10 21:11:22,465 [INFO] IPUIPlugin:74 - create IPUIPlugin
2024-11-10 21:11:22,465 [INFO] IPUIPlugin:74 - create IPUIPlugin
2024-11-10 21:11:22,466 [INFO] IPUIPlugin:74 - create IPUIPlugin
2024-11-10 21:11:22,466 [INFO] IPUIPlugin:74 - create IPUIPlugin
2024-11-10 21:11:22,466 [INFO] IPUIPlugin:74 - create IPUIPlugin
2024-11-10 21:11:22,466 [INFO] IPUIPlugin:74 - create IPUIPlugin
2024-11-10 21:11:22,585 [INFO] OpenFileManager:333 - Restore cursor
2024-11-10 21:11:22,888 [INFO] UtilMem:74 - End SaveConfig() Used Memory: 602364512 Bytes (694157312)
2024-11-10 21:11:22,942 [INFO] UtilMem:74 - End SaveConfig() Used Memory: 565974688 Bytes (694157312)
2024-11-10 21:11:23,238 [INFO] BlockDiagram:2740 - set Specific Code input for plugin: NVIC
2024-11-10 21:11:23,238 [INFO] BlockDiagram:2740 - set Specific Code input for plugin: SYS
2024-11-10 21:11:23,238 [INFO] BlockDiagram:2740 - set Specific Code input for plugin: RCC
2024-11-10 21:11:23,238 [INFO] CodeGenerator:663 - code generatio: config db path: C:\ST\STM32CubeIDE_1.7.0\STM32CubeIDE\plugins\com.st.stm32cube.common.mx_6.3.0.202107141111\\db\
2024-11-10 21:11:23,521 [INFO] CodeEngine:239 - oldGeneratedFile, W:\LAB3_VXL\EX\MXTmpFiles\license.tmp_save
2024-11-10 21:11:23,915 [INFO] CodeEngine:257 - Generated code: W:\LAB3_VXL\EX\MXTmpFiles\license.tmp
2024-11-10 21:11:24,067 [INFO] CodeEngine:239 - oldGeneratedFile, W:\LAB3_VXL\EX\Core\Src\stm32f1xx_it.c_save
2024-11-10 21:11:24,259 [INFO] CodeEngine:257 - Generated code: W:\LAB3_VXL\EX\Core\Src\stm32f1xx_it.c
2024-11-10 21:11:24,276 [INFO] CodeEngine:239 - oldGeneratedFile, W:\LAB3_VXL\EX\Core\Inc\stm32f1xx_it.h_save
2024-11-10 21:11:24,410 [INFO] CodeEngine:257 - Generated code: W:\LAB3_VXL\EX\Core\Inc\stm32f1xx_it.h
2024-11-10 21:11:24,437 [INFO] CodeEngine:239 - oldGeneratedFile, W:\LAB3_VXL\EX\Core\Src\stm32f1xx_hal_msp.c_save
2024-11-10 21:11:24,588 [INFO] CodeEngine:257 - Generated code: W:\LAB3_VXL\EX\Core\Src\stm32f1xx_hal_msp.c
2024-11-10 21:11:24,598 [INFO] CodeEngine:239 - oldGeneratedFile, W:\LAB3_VXL\EX\MXTmpFiles\system.tmp_save
2024-11-10 21:11:24,687 [INFO] CodeEngine:257 - Generated code: W:\LAB3_VXL\EX\MXTmpFiles\system.tmp
2024-11-10 21:11:24,705 [INFO] CodeEngine:239 - oldGeneratedFile, W:\LAB3_VXL\EX\Core\Inc\stm32f1xx_hal_conf.h_save
2024-11-10 21:11:24,811 [INFO] CodeEngine:257 - Generated code: W:\LAB3_VXL\EX\Core\Inc\stm32f1xx_hal_conf.h
2024-11-10 21:11:24,911 [INFO] CodeEngine:239 - oldGeneratedFile, W:\LAB3_VXL\EX\Core\Inc\main.h_save
2024-11-10 21:11:25,046 [INFO] CodeEngine:257 - Generated code: W:\LAB3_VXL\EX\Core\Inc\main.h
2024-11-10 21:11:25,070 [INFO] CodeEngine:239 - oldGeneratedFile, W:\LAB3_VXL\EX\Core\Src\main.c_save
2024-11-10 21:11:25,208 [INFO] CodeEngine:257 - Generated code: W:\LAB3_VXL\EX\Core\Src\main.c
2024-11-10 21:11:26,106 [INFO] ProjectBuilder:2578 - Time for Copy HAL[1] : 96mS.
2024-11-10 21:11:26,112 [INFO] ProjectBuilder:3622 - Project Generator version: 3.14.1
2024-11-10 21:11:26,588 [INFO] ConfigFileManager:1271 - The Die is : DIE412
2024-11-10 21:11:26,609 [INFO] ApiDbMcu:468 - Load IP Config File for FATFS
2024-11-10 21:11:26,638 [INFO] ApiDbMcu:468 - Load IP Config File for FREERTOS
2024-11-10 21:11:26,668 [INFO] ApiDbMcu:468 - Load IP Config File for USB_DEVICE
2024-11-10 21:11:32,748 [INFO] ProjectBuilder:3789 - Time for Generating toolchain IDE Files: 6636mS.
2024-11-10 21:11:32,750 [INFO] ProjectBuilder:2457 - Time for Copy CMSIS : 0mS.
2024-11-10 21:11:32,751 [INFO] ProjectBuilder:2457 - Time for Copy CMSIS : 0mS.
2024-11-10 21:11:34,002 [INFO] McuFinderGlobals:52 - Set McuFinderConnectedMode to true
2024-11-10 21:11:34,005 [INFO] ApiDb:276 - Save user favorites file C:\Users\ACER/.stm32cubeide/favorites.mcus.txt: 0 item(s)
2024-11-10 21:11:34,005 [INFO] ApiDb:280 - User favorites MCUs=[]
2024-11-10 21:18:59,435 [INFO] UtilMem:74 - End SaveConfig() Used Memory: 903687264 Bytes (1068498944)
2024-11-10 21:19:00,657 [INFO] UtilMem:74 - End SaveConfig() Used Memory: 924160784 Bytes (1068498944)
2024-11-10 21:19:03,600 [INFO] UtilMem:74 - End SaveConfig() Used Memory: 934090416 Bytes (1068498944)
2024-11-10 21:19:03,915 [INFO] BlockDiagram:2740 - set Specific Code input for plugin: NVIC
2024-11-10 21:19:03,915 [INFO] BlockDiagram:2740 - set Specific Code input for plugin: SYS
2024-11-10 21:19:03,916 [INFO] BlockDiagram:2740 - set Specific Code input for plugin: GPIO
2024-11-10 21:19:03,916 [INFO] BlockDiagram:2740 - set Specific Code input for plugin: RCC
2024-11-10 21:19:03,917 [INFO] CodeGenerator:663 - code generatio: config db path: C:\ST\STM32CubeIDE_1.7.0\STM32CubeIDE\plugins\com.st.stm32cube.common.mx_6.3.0.202107141111\\db\
2024-11-10 21:19:04,146 [INFO] CodeEngine:239 - oldGeneratedFile, W:\LAB3_VXL\EX\MXTmpFiles\license.tmp_save
2024-11-10 21:19:04,218 [INFO] CodeEngine:257 - Generated code: W:\LAB3_VXL\EX\MXTmpFiles\license.tmp
2024-11-10 21:19:04,314 [INFO] CodeEngine:239 - oldGeneratedFile, W:\LAB3_VXL\EX\MXTmpFiles\gpio.tmp_save
2024-11-10 21:19:04,381 [INFO] CodeEngine:257 - Generated code: W:\LAB3_VXL\EX\MXTmpFiles\gpio.tmp
2024-11-10 21:19:04,461 [INFO] CodeEngine:239 - oldGeneratedFile, W:\LAB3_VXL\EX\Core\Src\stm32f1xx_it.c_save
2024-11-10 21:19:04,575 [INFO] CodeEngine:257 - Generated code: W:\LAB3_VXL\EX\Core\Src\stm32f1xx_it.c
2024-11-10 21:19:04,578 [INFO] CodeEngine:239 - oldGeneratedFile, W:\LAB3_VXL\EX\Core\Inc\stm32f1xx_it.h_save
2024-11-10 21:19:04,623 [INFO] CodeEngine:257 - Generated code: W:\LAB3_VXL\EX\Core\Inc\stm32f1xx_it.h
2024-11-10 21:19:04,644 [INFO] CodeEngine:239 - oldGeneratedFile, W:\LAB3_VXL\EX\Core\Src\stm32f1xx_hal_msp.c_save
2024-11-10 21:19:04,726 [INFO] CodeEngine:257 - Generated code: W:\LAB3_VXL\EX\Core\Src\stm32f1xx_hal_msp.c
2024-11-10 21:19:04,730 [INFO] CodeEngine:239 - oldGeneratedFile, W:\LAB3_VXL\EX\MXTmpFiles\system.tmp_save
2024-11-10 21:19:04,781 [INFO] CodeEngine:257 - Generated code: W:\LAB3_VXL\EX\MXTmpFiles\system.tmp
2024-11-10 21:19:04,800 [INFO] CodeEngine:239 - oldGeneratedFile, W:\LAB3_VXL\EX\Core\Inc\stm32f1xx_hal_conf.h_save
2024-11-10 21:19:04,871 [INFO] CodeEngine:257 - Generated code: W:\LAB3_VXL\EX\Core\Inc\stm32f1xx_hal_conf.h
2024-11-10 21:19:04,900 [INFO] CodeEngine:239 - oldGeneratedFile, W:\LAB3_VXL\EX\Core\Inc\main.h_save
2024-11-10 21:19:04,970 [INFO] CodeEngine:257 - Generated code: W:\LAB3_VXL\EX\Core\Inc\main.h
2024-11-10 21:19:04,981 [INFO] CodeEngine:239 - oldGeneratedFile, W:\LAB3_VXL\EX\Core\Src\main.c_save
2024-11-10 21:19:05,084 [INFO] CodeEngine:257 - Generated code: W:\LAB3_VXL\EX\Core\Src\main.c
2024-11-10 21:19:05,830 [INFO] ProjectBuilder:2578 - Time for Copy HAL[1] : 95mS.
2024-11-10 21:19:05,832 [INFO] ProjectBuilder:3622 - Project Generator version: 3.14.1
2024-11-10 21:19:06,843 [INFO] ConfigFileManager:1271 - The Die is : DIE412
2024-11-10 21:19:09,122 [INFO] ProjectBuilder:3789 - Time for Generating toolchain IDE Files: 3290mS.
2024-11-10 21:19:09,124 [INFO] ProjectBuilder:2457 - Time for Copy CMSIS : 1mS.
2024-11-10 21:19:09,125 [INFO] ProjectBuilder:2457 - Time for Copy CMSIS : 0mS.
2024-11-10 21:27:28,867 [INFO] Gpio:254 - dependency for GPIO []
2024-11-10 21:27:56,096 [INFO] Gpio:254 - dependency for GPIO []
2024-11-10 21:28:10,198 [INFO] Gpio:254 - dependency for GPIO []
2024-11-10 21:28:13,182 [INFO] NvicIntPanel:96 - NVIC parent = com.st.microxplorer.plugins.ip.nvic.MultiNvicIntPanel[,0,0,450x178,layout=javax.swing.BoxLayout,alignmentX=0.0,alignmentY=0.0,border=,flags=9,maximumSize=,minimumSize=,preferredSize=]
2024-11-10 21:29:07,655 [INFO] UtilMem:74 - End SaveConfig() Used Memory: 895647720 Bytes (1073741824)
2024-11-10 21:29:08,626 [INFO] UtilMem:74 - End SaveConfig() Used Memory: 919764968 Bytes (1073741824)
2024-11-10 21:29:10,731 [INFO] UtilMem:74 - End SaveConfig() Used Memory: 947529712 Bytes (1073741824)
2024-11-10 21:29:11,034 [INFO] BlockDiagram:2740 - set Specific Code input for plugin: NVIC
2024-11-10 21:29:11,034 [INFO] BlockDiagram:2740 - set Specific Code input for plugin: SYS
2024-11-10 21:29:11,034 [INFO] BlockDiagram:2740 - set Specific Code input for plugin: GPIO
2024-11-10 21:29:11,034 [INFO] BlockDiagram:2740 - set Specific Code input for plugin: RCC
2024-11-10 21:29:11,034 [INFO] BlockDiagram:2740 - set Specific Code input for plugin: TIM1_8F1
2024-11-10 21:29:11,035 [INFO] CodeGenerator:663 - code generatio: config db path: C:\ST\STM32CubeIDE_1.7.0\STM32CubeIDE\plugins\com.st.stm32cube.common.mx_6.3.0.202107141111\\db\
2024-11-10 21:29:11,303 [INFO] CodeEngine:239 - oldGeneratedFile, W:\LAB3_VXL\EX\MXTmpFiles\license.tmp_save
2024-11-10 21:29:11,431 [INFO] CodeEngine:257 - Generated code: W:\LAB3_VXL\EX\MXTmpFiles\license.tmp
2024-11-10 21:29:11,508 [INFO] CodeEngine:239 - oldGeneratedFile, W:\LAB3_VXL\EX\MXTmpFiles\gpio.tmp_save
2024-11-10 21:29:11,574 [INFO] CodeEngine:257 - Generated code: W:\LAB3_VXL\EX\MXTmpFiles\gpio.tmp
2024-11-10 21:29:11,799 [INFO] CodeEngine:239 - oldGeneratedFile, W:\LAB3_VXL\EX\Core\Src\stm32f1xx_it.c_save
2024-11-10 21:29:11,865 [INFO] CodeEngine:257 - Generated code: W:\LAB3_VXL\EX\Core\Src\stm32f1xx_it.c
2024-11-10 21:29:11,875 [INFO] CodeEngine:239 - oldGeneratedFile, W:\LAB3_VXL\EX\Core\Inc\stm32f1xx_it.h_save
2024-11-10 21:29:11,933 [INFO] CodeEngine:257 - Generated code: W:\LAB3_VXL\EX\Core\Inc\stm32f1xx_it.h
2024-11-10 21:29:11,952 [INFO] CodeEngine:239 - oldGeneratedFile, W:\LAB3_VXL\EX\Core\Src\stm32f1xx_hal_msp.c_save
2024-11-10 21:29:12,068 [INFO] CodeEngine:257 - Generated code: W:\LAB3_VXL\EX\Core\Src\stm32f1xx_hal_msp.c
2024-11-10 21:29:12,071 [INFO] CodeEngine:239 - oldGeneratedFile, W:\LAB3_VXL\EX\MXTmpFiles\system.tmp_save
2024-11-10 21:29:12,123 [INFO] CodeEngine:257 - Generated code: W:\LAB3_VXL\EX\MXTmpFiles\system.tmp
2024-11-10 21:29:12,162 [INFO] CodeEngine:239 - oldGeneratedFile, W:\LAB3_VXL\EX\Core\Inc\stm32f1xx_hal_conf.h_save
2024-11-10 21:29:12,266 [INFO] CodeEngine:257 - Generated code: W:\LAB3_VXL\EX\Core\Inc\stm32f1xx_hal_conf.h
2024-11-10 21:29:12,315 [WARN] IPConfigManager:3148 - IP not found : TIM
2024-11-10 21:29:12,317 [WARN] CodeGenerator:3268 - IP not found : null
2024-11-10 21:29:12,353 [INFO] CodeEngine:239 - oldGeneratedFile, W:\LAB3_VXL\EX\Core\Inc\main.h_save
2024-11-10 21:29:12,503 [INFO] CodeEngine:257 - Generated code: W:\LAB3_VXL\EX\Core\Inc\main.h
2024-11-10 21:29:12,530 [INFO] CodeEngine:239 - oldGeneratedFile, W:\LAB3_VXL\EX\Core\Src\main.c_save
2024-11-10 21:29:12,688 [INFO] CodeEngine:257 - Generated code: W:\LAB3_VXL\EX\Core\Src\main.c
2024-11-10 21:29:13,737 [INFO] ProjectBuilder:2578 - Time for Copy HAL[1] : 175mS.
2024-11-10 21:29:13,741 [INFO] ProjectBuilder:3622 - Project Generator version: 3.14.1
2024-11-10 21:29:14,941 [INFO] ConfigFileManager:1271 - The Die is : DIE412
2024-11-10 21:29:18,204 [INFO] ProjectBuilder:3789 - Time for Generating toolchain IDE Files: 4464mS.
2024-11-10 21:29:18,206 [INFO] ProjectBuilder:2457 - Time for Copy CMSIS : 1mS.
2024-11-10 21:29:18,207 [INFO] ProjectBuilder:2457 - Time for Copy CMSIS : 0mS.
2024-11-10 22:12:16,024 [INFO] NvicIntPanel:96 - NVIC parent = com.st.microxplorer.plugins.ip.nvic.MultiNvicIntPanel[,0,0,450x186,layout=javax.swing.BoxLayout,alignmentX=0.0,alignmentY=0.0,border=,flags=9,maximumSize=,minimumSize=,preferredSize=]
2024-11-10 22:12:18,483 [INFO] UtilMem:74 - End SaveConfig() Used Memory: 930023776 Bytes (1073741824)
2024-11-10 22:12:19,877 [INFO] UtilMem:74 - End SaveConfig() Used Memory: 952458152 Bytes (1073741824)
2024-11-10 22:12:21,115 [INFO] UtilMem:74 - End SaveConfig() Used Memory: 950776888 Bytes (1073741824)
2024-11-10 22:12:21,463 [INFO] BlockDiagram:2740 - set Specific Code input for plugin: NVIC
2024-11-10 22:12:21,463 [INFO] BlockDiagram:2740 - set Specific Code input for plugin: SYS
2024-11-10 22:12:21,464 [INFO] BlockDiagram:2740 - set Specific Code input for plugin: GPIO
2024-11-10 22:12:21,464 [INFO] BlockDiagram:2740 - set Specific Code input for plugin: RCC
2024-11-10 22:12:21,464 [INFO] BlockDiagram:2740 - set Specific Code input for plugin: TIM1_8F1
2024-11-10 22:12:21,464 [INFO] CodeGenerator:663 - code generatio: config db path: C:\ST\STM32CubeIDE_1.7.0\STM32CubeIDE\plugins\com.st.stm32cube.common.mx_6.3.0.202107141111\\db\
2024-11-10 22:12:21,775 [INFO] CodeEngine:239 - oldGeneratedFile, W:\LAB3_VXL\EX\MXTmpFiles\license.tmp_save
2024-11-10 22:12:21,836 [INFO] CodeEngine:257 - Generated code: W:\LAB3_VXL\EX\MXTmpFiles\license.tmp
2024-11-10 22:12:21,908 [INFO] CodeEngine:239 - oldGeneratedFile, W:\LAB3_VXL\EX\MXTmpFiles\gpio.tmp_save
2024-11-10 22:12:21,957 [INFO] CodeEngine:257 - Generated code: W:\LAB3_VXL\EX\MXTmpFiles\gpio.tmp
2024-11-10 22:12:22,664 [INFO] CodeEngine:239 - oldGeneratedFile, W:\LAB3_VXL\EX\Core\Src\stm32f1xx_it.c_save
2024-11-10 22:12:22,753 [INFO] CodeEngine:257 - Generated code: W:\LAB3_VXL\EX\Core\Src\stm32f1xx_it.c
2024-11-10 22:12:22,764 [INFO] CodeEngine:239 - oldGeneratedFile, W:\LAB3_VXL\EX\Core\Inc\stm32f1xx_it.h_save
2024-11-10 22:12:22,827 [INFO] CodeEngine:257 - Generated code: W:\LAB3_VXL\EX\Core\Inc\stm32f1xx_it.h
2024-11-10 22:12:22,842 [INFO] CodeEngine:239 - oldGeneratedFile, W:\LAB3_VXL\EX\Core\Src\stm32f1xx_hal_msp.c_save
2024-11-10 22:12:22,939 [INFO] CodeEngine:257 - Generated code: W:\LAB3_VXL\EX\Core\Src\stm32f1xx_hal_msp.c
2024-11-10 22:12:22,942 [INFO] CodeEngine:239 - oldGeneratedFile, W:\LAB3_VXL\EX\MXTmpFiles\system.tmp_save
2024-11-10 22:12:22,997 [INFO] CodeEngine:257 - Generated code: W:\LAB3_VXL\EX\MXTmpFiles\system.tmp
2024-11-10 22:12:23,011 [INFO] CodeEngine:239 - oldGeneratedFile, W:\LAB3_VXL\EX\Core\Inc\stm32f1xx_hal_conf.h_save
2024-11-10 22:12:23,083 [INFO] CodeEngine:257 - Generated code: W:\LAB3_VXL\EX\Core\Inc\stm32f1xx_hal_conf.h
2024-11-10 22:12:23,099 [WARN] IPConfigManager:3148 - IP not found : TIM
2024-11-10 22:12:23,100 [WARN] CodeGenerator:3268 - IP not found : null
2024-11-10 22:12:23,115 [INFO] CodeEngine:239 - oldGeneratedFile, W:\LAB3_VXL\EX\Core\Inc\main.h_save
2024-11-10 22:12:23,160 [INFO] CodeEngine:257 - Generated code: W:\LAB3_VXL\EX\Core\Inc\main.h
2024-11-10 22:12:23,172 [INFO] CodeEngine:239 - oldGeneratedFile, W:\LAB3_VXL\EX\Core\Src\main.c_save
2024-11-10 22:12:23,303 [INFO] CodeEngine:257 - Generated code: W:\LAB3_VXL\EX\Core\Src\main.c
2024-11-10 22:12:24,060 [INFO] ProjectBuilder:2578 - Time for Copy HAL[1] : 106mS.
2024-11-10 22:12:24,063 [INFO] ProjectBuilder:3622 - Project Generator version: 3.14.1
2024-11-10 22:12:24,410 [INFO] ConfigFileManager:1271 - The Die is : DIE412
2024-11-10 22:12:26,881 [INFO] ProjectBuilder:3789 - Time for Generating toolchain IDE Files: 2818mS.
2024-11-10 22:12:26,882 [INFO] ProjectBuilder:2457 - Time for Copy CMSIS : 0mS.
2024-11-10 22:12:26,884 [INFO] ProjectBuilder:2457 - Time for Copy CMSIS : 0mS.
